ERROR - 2024-12-27 15:12:10 --> mysqli_sql_exception: Invalid default value for 'created_at' in C:\Users\brahim\Desktop\PROJECT\gestion_examens\system\Database\MySQLi\Connection.php:312
Stack trace:
#0 C:\Users\brahim\Desktop\PROJECT\gestion_examens\system\Database\MySQLi\Connection.php(312): mysqli->query('CREATE TABLE `u...', 0)
#1 C:\Users\brahim\Desktop\PROJECT\gestion_examens\system\Database\BaseConnection.php(734): CodeIgniter\Database\MySQLi\Connection->execute('CREATE TABLE `u...')
#2 C:\Users\brahim\Desktop\PROJECT\gestion_examens\system\Database\BaseConnection.php(648): CodeIgniter\Database\BaseConnection->simpleQuery('CREATE TABLE `u...')
#3 C:\Users\brahim\Desktop\PROJECT\gestion_examens\system\Database\Forge.php(570): CodeIgniter\Database\BaseConnection->query('CREATE TABLE `u...')
#4 C:\Users\brahim\Desktop\PROJECT\gestion_examens\app\Database\Migrations\2024-12-27-150036_CreateUsersTable.php(59): CodeIgniter\Database\Forge->createTable('users')
#5 C:\Users\brahim\Desktop\PROJECT\gestion_examens\system\Database\MigrationRunner.php(867): App\Database\Migrations\CreateUsersTable->up()
#6 C:\Users\brahim\Desktop\PROJECT\gestion_examens\system\Database\MigrationRunner.php(183): CodeIgniter\Database\MigrationRunner->migrate('up', Object(stdClass))
#7 C:\Users\brahim\Desktop\PROJECT\gestion_examens\system\Commands\Database\Migrate.php(85): CodeIgniter\Database\MigrationRunner->latest(NULL)
#8 C:\Users\brahim\Desktop\PROJECT\gestion_examens\system\CLI\Commands.php(70): CodeIgniter\Commands\Database\Migrate->run(Array)
#9 C:\Users\brahim\Desktop\PROJECT\gestion_examens\system\CLI\Console.php(48): CodeIgniter\CLI\Commands->run('migrate', Array)
#10 C:\Users\brahim\Desktop\PROJECT\gestion_examens\system\Boot.php(351): CodeIgniter\CLI\Console->run()
#11 C:\Users\brahim\Desktop\PROJECT\gestion_examens\system\Boot.php(104): CodeIgniter\Boot::runCommand(Object(CodeIgniter\CLI\Console))
#12 C:\Users\brahim\Desktop\PROJECT\gestion_examens\spark(84): CodeIgniter\Boot::bootSpark(Object(Config\Paths))
#13 {main}
ERROR - 2024-12-27 15:23:36 --> Error connecting to the database: mysqli_sql_exception: Unknown database 'gestion_examens' in C:\Users\ce pc\Desktop\gestion_examens\system\Database\MySQLi\Connection.php:186
Stack trace:
#0 C:\Users\ce pc\Desktop\gestion_examens\system\Database\MySQLi\Connection.php(186): mysqli->real_connect('localhost', 'root', Object(SensitiveParameterValue), 'gestion_examens', 3306, '', 0)
#1 C:\Users\ce pc\Desktop\gestion_examens\system\Database\BaseConnection.php(421): CodeIgniter\Database\MySQLi\Connection->connect(false)
#2 C:\Users\ce pc\Desktop\gestion_examens\system\Database\BaseConnection.php(616): CodeIgniter\Database\BaseConnection->initialize()
#3 C:\Users\ce pc\Desktop\gestion_examens\system\Database\BaseConnection.php(1485): CodeIgniter\Database\BaseConnection->query('SHOW TABLES FRO...')
#4 C:\Users\ce pc\Desktop\gestion_examens\system\Database\BaseConnection.php(1505): CodeIgniter\Database\BaseConnection->listTables()
#5 C:\Users\ce pc\Desktop\gestion_examens\system\Database\MigrationRunner.php(759): CodeIgniter\Database\BaseConnection->tableExists('migrations')
#6 C:\Users\ce pc\Desktop\gestion_examens\system\Database\MigrationRunner.php(163): CodeIgniter\Database\MigrationRunner->ensureTable()
#7 C:\Users\ce pc\Desktop\gestion_examens\system\Commands\Database\Migrate.php(85): CodeIgniter\Database\MigrationRunner->latest(NULL)
#8 C:\Users\ce pc\Desktop\gestion_examens\system\CLI\Commands.php(70): CodeIgniter\Commands\Database\Migrate->run(Array)
#9 C:\Users\ce pc\Desktop\gestion_examens\system\CLI\Console.php(48): CodeIgniter\CLI\Commands->run('migrate', Array)
#10 C:\Users\ce pc\Desktop\gestion_examens\system\Boot.php(351): CodeIgniter\CLI\Console->run()
#11 C:\Users\ce pc\Desktop\gestion_examens\system\Boot.php(104): CodeIgniter\Boot::runCommand(Object(CodeIgniter\CLI\Console))
#12 C:\Users\ce pc\Desktop\gestion_examens\spark(84): CodeIgniter\Boot::bootSpark(Object(Config\Paths))
#13 {main}

Next CodeIgniter\Database\Exceptions\DatabaseException: Unknown database 'gestion_examens' in C:\Users\ce pc\Desktop\gestion_examens\system\Database\MySQLi\Connection.php:231
Stack trace:
#0 C:\Users\ce pc\Desktop\gestion_examens\system\Database\BaseConnection.php(421): CodeIgniter\Database\MySQLi\Connection->connect(false)
#1 C:\Users\ce pc\Desktop\gestion_examens\system\Database\BaseConnection.php(616): CodeIgniter\Database\BaseConnection->initialize()
#2 C:\Users\ce pc\Desktop\gestion_examens\system\Database\BaseConnection.php(1485): CodeIgniter\Database\BaseConnection->query('SHOW TABLES FRO...')
#3 C:\Users\ce pc\Desktop\gestion_examens\system\Database\BaseConnection.php(1505): CodeIgniter\Database\BaseConnection->listTables()
#4 C:\Users\ce pc\Desktop\gestion_examens\system\Database\MigrationRunner.php(759): CodeIgniter\Database\BaseConnection->tableExists('migrations')
#5 C:\Users\ce pc\Desktop\gestion_examens\system\Database\MigrationRunner.php(163): CodeIgniter\Database\MigrationRunner->ensureTable()
#6 C:\Users\ce pc\Desktop\gestion_examens\system\Commands\Database\Migrate.php(85): CodeIgniter\Database\MigrationRunner->latest(NULL)
#7 C:\Users\ce pc\Desktop\gestion_examens\system\CLI\Commands.php(70): CodeIgniter\Commands\Database\Migrate->run(Array)
#8 C:\Users\ce pc\Desktop\gestion_examens\system\CLI\Console.php(48): CodeIgniter\CLI\Commands->run('migrate', Array)
#9 C:\Users\ce pc\Desktop\gestion_examens\system\Boot.php(351): CodeIgniter\CLI\Console->run()
#10 C:\Users\ce pc\Desktop\gestion_examens\system\Boot.php(104): CodeIgniter\Boot::runCommand(Object(CodeIgniter\CLI\Console))
#11 C:\Users\ce pc\Desktop\gestion_examens\spark(84): CodeIgniter\Boot::bootSpark(Object(Config\Paths))
#12 {main}
ERROR - 2024-12-27 16:08:26 --> mysqli_sql_exception: Table 'gestion_examens.user' doesn't exist in C:\Users\ce pc\Desktop\gestion_examens\system\Database\MySQLi\Connection.php:312
Stack trace:
#0 C:\Users\ce pc\Desktop\gestion_examens\system\Database\MySQLi\Connection.php(312): mysqli->query('INSERT INTO `Us...', 0)
#1 C:\Users\ce pc\Desktop\gestion_examens\system\Database\BaseConnection.php(734): CodeIgniter\Database\MySQLi\Connection->execute('INSERT INTO `Us...')
#2 C:\Users\ce pc\Desktop\gestion_examens\system\Database\BaseConnection.php(648): CodeIgniter\Database\BaseConnection->simpleQuery('INSERT INTO `Us...')
#3 C:\Users\ce pc\Desktop\gestion_examens\system\Database\BaseBuilder.php(2340): CodeIgniter\Database\BaseConnection->query('INSERT INTO `Us...', Array, false)
#4 C:\Users\ce pc\Desktop\gestion_examens\system\Model.php(394): CodeIgniter\Database\BaseBuilder->insert()
#5 C:\Users\ce pc\Desktop\gestion_examens\system\BaseModel.php(840): CodeIgniter\Model->doInsert(Array)
#6 C:\Users\ce pc\Desktop\gestion_examens\system\Model.php(802): CodeIgniter\BaseModel->insert(Array, false)
#7 C:\Users\ce pc\Desktop\gestion_examens\system\BaseModel.php(751): CodeIgniter\Model->insert(Array, false)
#8 C:\Users\ce pc\Desktop\gestion_examens\app\Controllers\RegisterController.php(34): CodeIgniter\BaseModel->save(Array)
#9 C:\Users\ce pc\Desktop\gestion_examens\system\CodeIgniter.php(933): App\Controllers\RegisterController->store()
#10 C:\Users\ce pc\Desktop\gestion_examens\system\CodeIgniter.php(509): CodeIgniter\CodeIgniter->runController(Object(App\Controllers\RegisterController))
#11 C:\Users\ce pc\Desktop\gestion_examens\system\CodeIgniter.php(355): CodeIgniter\CodeIgniter->handleRequest(NULL, Object(Config\Cache), false)
#12 C:\Users\ce pc\Desktop\gestion_examens\system\Boot.php(325): CodeIgniter\CodeIgniter->run()
#13 C:\Users\ce pc\Desktop\gestion_examens\system\Boot.php(67): CodeIgniter\Boot::runCodeIgniter(Object(CodeIgniter\CodeIgniter))
#14 C:\Users\ce pc\Desktop\gestion_examens\public\index.php(56): CodeIgniter\Boot::bootWeb(Object(Config\Paths))
#15 C:\Users\ce pc\Desktop\gestion_examens\system\rewrite.php(44): require_once('C:\\Users\\ce pc\\...')
#16 {main}
CRITICAL - 2024-12-27 16:08:26 --> CodeIgniter\Database\Exceptions\DatabaseException: Table 'gestion_examens.user' doesn't exist
[Method: POST, Route: register]
in SYSTEMPATH\Database\BaseConnection.php on line 688.
 1 SYSTEMPATH\Database\BaseBuilder.php(2340): CodeIgniter\Database\BaseConnection->query('INSERT INTO `User` (`name`, `email`, `city`, `tel`, `password`, `created_at`, `updated_at`) VALUES (:name:, :email:, :city:, :tel:, :password:, :created_at:, :updated_at:)', [...], false)
 2 SYSTEMPATH\Model.php(394): CodeIgniter\Database\BaseBuilder->insert()
 3 SYSTEMPATH\BaseModel.php(840): CodeIgniter\Model->doInsert([...])
 4 SYSTEMPATH\Model.php(802): CodeIgniter\BaseModel->insert([...], false)
 5 SYSTEMPATH\BaseModel.php(751): CodeIgniter\Model->insert([...], false)
 6 APPPATH\Controllers\RegisterController.php(34): CodeIgniter\BaseModel->save([...])
 7 SYSTEMPATH\CodeIgniter.php(933): App\Controllers\RegisterController->store()
 8 SYSTEMPATH\CodeIgniter.php(509): CodeIgniter\CodeIgniter->runController(Object(App\Controllers\RegisterController))
 9 SYSTEMPATH\CodeIgniter.php(355): CodeIgniter\CodeIgniter->handleRequest(null, Object(Config\Cache), false)
10 SYSTEMPATH\Boot.php(325): CodeIgniter\CodeIgniter->run()
11 SYSTEMPATH\Boot.php(67): CodeIgniter\Boot::runCodeIgniter(Object(CodeIgniter\CodeIgniter))
12 FCPATH\index.php(56): CodeIgniter\Boot::bootWeb(Object(Config\Paths))
13 SYSTEMPATH\rewrite.php(44): require_once('C:\\Users\\ce pc\\Desktop\\gestion_examens\\public\\index.php')
CRITICAL - 2024-12-27 16:08:26 --> [Caused by] CodeIgniter\Database\Exceptions\DatabaseException: Table 'gestion_examens.user' doesn't exist
in SYSTEMPATH\Database\MySQLi\Connection.php on line 317.
 1 SYSTEMPATH\Database\BaseConnection.php(734): CodeIgniter\Database\MySQLi\Connection->execute('INSERT INTO `User` (`name`, `email`, `city`, `tel`, `password`, `created_at`, `updated_at`) VALUES (\'Elmahjoub\', \'elmahjoub.bentaher@edu.uiz.ac.ma\', \'Oulad Teïma\', \'0767579247\', \'$2y$10$gdInLEPECXXtTx8QZSR62.Xf7JK0L3rfuj0gSqhc2FKNRjv5oTnka\', \'2024-12-27 16:08:26\', \'2024-12-27 16:08:26\')')
 2 SYSTEMPATH\Database\BaseConnection.php(648): CodeIgniter\Database\BaseConnection->simpleQuery('INSERT INTO `User` (`name`, `email`, `city`, `tel`, `password`, `created_at`, `updated_at`) VALUES (\'Elmahjoub\', \'elmahjoub.bentaher@edu.uiz.ac.ma\', \'Oulad Teïma\', \'0767579247\', \'$2y$10$gdInLEPECXXtTx8QZSR62.Xf7JK0L3rfuj0gSqhc2FKNRjv5oTnka\', \'2024-12-27 16:08:26\', \'2024-12-27 16:08:26\')')
 3 SYSTEMPATH\Database\BaseBuilder.php(2340): CodeIgniter\Database\BaseConnection->query('INSERT INTO `User` (`name`, `email`, `city`, `tel`, `password`, `created_at`, `updated_at`) VALUES (:name:, :email:, :city:, :tel:, :password:, :created_at:, :updated_at:)', [...], false)
 4 SYSTEMPATH\Model.php(394): CodeIgniter\Database\BaseBuilder->insert()
 5 SYSTEMPATH\BaseModel.php(840): CodeIgniter\Model->doInsert([...])
 6 SYSTEMPATH\Model.php(802): CodeIgniter\BaseModel->insert([...], false)
 7 SYSTEMPATH\BaseModel.php(751): CodeIgniter\Model->insert([...], false)
 8 APPPATH\Controllers\RegisterController.php(34): CodeIgniter\BaseModel->save([...])
 9 SYSTEMPATH\CodeIgniter.php(933): App\Controllers\RegisterController->store()
10 SYSTEMPATH\CodeIgniter.php(509): CodeIgniter\CodeIgniter->runController(Object(App\Controllers\RegisterController))
11 SYSTEMPATH\CodeIgniter.php(355): CodeIgniter\CodeIgniter->handleRequest(null, Object(Config\Cache), false)
12 SYSTEMPATH\Boot.php(325): CodeIgniter\CodeIgniter->run()
13 SYSTEMPATH\Boot.php(67): CodeIgniter\Boot::runCodeIgniter(Object(CodeIgniter\CodeIgniter))
14 FCPATH\index.php(56): CodeIgniter\Boot::bootWeb(Object(Config\Paths))
15 SYSTEMPATH\rewrite.php(44): require_once('C:\\Users\\ce pc\\Desktop\\gestion_examens\\public\\index.php')
CRITICAL - 2024-12-27 16:08:26 --> [Caused by] mysqli_sql_exception: Table 'gestion_examens.user' doesn't exist
in SYSTEMPATH\Database\MySQLi\Connection.php on line 312.
 1 SYSTEMPATH\Database\MySQLi\Connection.php(312): mysqli->query('INSERT INTO `User` (`name`, `email`, `city`, `tel`, `password`, `created_at`, `updated_at`) VALUES (\'Elmahjoub\', \'elmahjoub.bentaher@edu.uiz.ac.ma\', \'Oulad Teïma\', \'0767579247\', \'$2y$10$gdInLEPECXXtTx8QZSR62.Xf7JK0L3rfuj0gSqhc2FKNRjv5oTnka\', \'2024-12-27 16:08:26\', \'2024-12-27 16:08:26\')', 0)
 2 SYSTEMPATH\Database\BaseConnection.php(734): CodeIgniter\Database\MySQLi\Connection->execute('INSERT INTO `User` (`name`, `email`, `city`, `tel`, `password`, `created_at`, `updated_at`) VALUES (\'Elmahjoub\', \'elmahjoub.bentaher@edu.uiz.ac.ma\', \'Oulad Teïma\', \'0767579247\', \'$2y$10$gdInLEPECXXtTx8QZSR62.Xf7JK0L3rfuj0gSqhc2FKNRjv5oTnka\', \'2024-12-27 16:08:26\', \'2024-12-27 16:08:26\')')
 3 SYSTEMPATH\Database\BaseConnection.php(648): CodeIgniter\Database\BaseConnection->simpleQuery('INSERT INTO `User` (`name`, `email`, `city`, `tel`, `password`, `created_at`, `updated_at`) VALUES (\'Elmahjoub\', \'elmahjoub.bentaher@edu.uiz.ac.ma\', \'Oulad Teïma\', \'0767579247\', \'$2y$10$gdInLEPECXXtTx8QZSR62.Xf7JK0L3rfuj0gSqhc2FKNRjv5oTnka\', \'2024-12-27 16:08:26\', \'2024-12-27 16:08:26\')')
 4 SYSTEMPATH\Database\BaseBuilder.php(2340): CodeIgniter\Database\BaseConnection->query('INSERT INTO `User` (`name`, `email`, `city`, `tel`, `password`, `created_at`, `updated_at`) VALUES (:name:, :email:, :city:, :tel:, :password:, :created_at:, :updated_at:)', [...], false)
 5 SYSTEMPATH\Model.php(394): CodeIgniter\Database\BaseBuilder->insert()
 6 SYSTEMPATH\BaseModel.php(840): CodeIgniter\Model->doInsert([...])
 7 SYSTEMPATH\Model.php(802): CodeIgniter\BaseModel->insert([...], false)
 8 SYSTEMPATH\BaseModel.php(751): CodeIgniter\Model->insert([...], false)
 9 APPPATH\Controllers\RegisterController.php(34): CodeIgniter\BaseModel->save([...])
10 SYSTEMPATH\CodeIgniter.php(933): App\Controllers\RegisterController->store()
11 SYSTEMPATH\CodeIgniter.php(509): CodeIgniter\CodeIgniter->runController(Object(App\Controllers\RegisterController))
12 SYSTEMPATH\CodeIgniter.php(355): CodeIgniter\CodeIgniter->handleRequest(null, Object(Config\Cache), false)
13 SYSTEMPATH\Boot.php(325): CodeIgniter\CodeIgniter->run()
14 SYSTEMPATH\Boot.php(67): CodeIgniter\Boot::runCodeIgniter(Object(CodeIgniter\CodeIgniter))
15 FCPATH\index.php(56): CodeIgniter\Boot::bootWeb(Object(Config\Paths))
16 SYSTEMPATH\rewrite.php(44): require_once('C:\\Users\\ce pc\\Desktop\\gestion_examens\\public\\index.php')
ERROR - 2024-12-27 16:10:50 --> mysqli_sql_exception: Unknown column 'created_at' in 'field list' in C:\Users\ce pc\Desktop\gestion_examens\system\Database\MySQLi\Connection.php:312
Stack trace:
#0 C:\Users\ce pc\Desktop\gestion_examens\system\Database\MySQLi\Connection.php(312): mysqli->query('INSERT INTO `us...', 0)
#1 C:\Users\ce pc\Desktop\gestion_examens\system\Database\BaseConnection.php(734): CodeIgniter\Database\MySQLi\Connection->execute('INSERT INTO `us...')
#2 C:\Users\ce pc\Desktop\gestion_examens\system\Database\BaseConnection.php(648): CodeIgniter\Database\BaseConnection->simpleQuery('INSERT INTO `us...')
#3 C:\Users\ce pc\Desktop\gestion_examens\system\Database\BaseBuilder.php(2340): CodeIgniter\Database\BaseConnection->query('INSERT INTO `us...', Array, false)
#4 C:\Users\ce pc\Desktop\gestion_examens\system\Model.php(394): CodeIgniter\Database\BaseBuilder->insert()
#5 C:\Users\ce pc\Desktop\gestion_examens\system\BaseModel.php(840): CodeIgniter\Model->doInsert(Array)
#6 C:\Users\ce pc\Desktop\gestion_examens\system\Model.php(802): CodeIgniter\BaseModel->insert(Array, false)
#7 C:\Users\ce pc\Desktop\gestion_examens\system\BaseModel.php(751): CodeIgniter\Model->insert(Array, false)
#8 C:\Users\ce pc\Desktop\gestion_examens\app\Controllers\RegisterController.php(34): CodeIgniter\BaseModel->save(Array)
#9 C:\Users\ce pc\Desktop\gestion_examens\system\CodeIgniter.php(933): App\Controllers\RegisterController->store()
#10 C:\Users\ce pc\Desktop\gestion_examens\system\CodeIgniter.php(509): CodeIgniter\CodeIgniter->runController(Object(App\Controllers\RegisterController))
#11 C:\Users\ce pc\Desktop\gestion_examens\system\CodeIgniter.php(355): CodeIgniter\CodeIgniter->handleRequest(NULL, Object(Config\Cache), false)
#12 C:\Users\ce pc\Desktop\gestion_examens\system\Boot.php(325): CodeIgniter\CodeIgniter->run()
#13 C:\Users\ce pc\Desktop\gestion_examens\system\Boot.php(67): CodeIgniter\Boot::runCodeIgniter(Object(CodeIgniter\CodeIgniter))
#14 C:\Users\ce pc\Desktop\gestion_examens\public\index.php(56): CodeIgniter\Boot::bootWeb(Object(Config\Paths))
#15 C:\Users\ce pc\Desktop\gestion_examens\system\rewrite.php(44): require_once('C:\\Users\\ce pc\\...')
#16 {main}
CRITICAL - 2024-12-27 16:10:50 --> CodeIgniter\Database\Exceptions\DatabaseException: Unknown column 'created_at' in 'field list'
[Method: POST, Route: register]
in SYSTEMPATH\Database\BaseConnection.php on line 688.
 1 SYSTEMPATH\Database\BaseBuilder.php(2340): CodeIgniter\Database\BaseConnection->query('INSERT INTO `users` (`name`, `email`, `city`, `tel`, `password`, `created_at`, `updated_at`) VALUES (:name:, :email:, :city:, :tel:, :password:, :created_at:, :updated_at:)', [...], false)
 2 SYSTEMPATH\Model.php(394): CodeIgniter\Database\BaseBuilder->insert()
 3 SYSTEMPATH\BaseModel.php(840): CodeIgniter\Model->doInsert([...])
 4 SYSTEMPATH\Model.php(802): CodeIgniter\BaseModel->insert([...], false)
 5 SYSTEMPATH\BaseModel.php(751): CodeIgniter\Model->insert([...], false)
 6 APPPATH\Controllers\RegisterController.php(34): CodeIgniter\BaseModel->save([...])
 7 SYSTEMPATH\CodeIgniter.php(933): App\Controllers\RegisterController->store()
 8 SYSTEMPATH\CodeIgniter.php(509): CodeIgniter\CodeIgniter->runController(Object(App\Controllers\RegisterController))
 9 SYSTEMPATH\CodeIgniter.php(355): CodeIgniter\CodeIgniter->handleRequest(null, Object(Config\Cache), false)
10 SYSTEMPATH\Boot.php(325): CodeIgniter\CodeIgniter->run()
11 SYSTEMPATH\Boot.php(67): CodeIgniter\Boot::runCodeIgniter(Object(CodeIgniter\CodeIgniter))
12 FCPATH\index.php(56): CodeIgniter\Boot::bootWeb(Object(Config\Paths))
13 SYSTEMPATH\rewrite.php(44): require_once('C:\\Users\\ce pc\\Desktop\\gestion_examens\\public\\index.php')
CRITICAL - 2024-12-27 16:10:50 --> [Caused by] CodeIgniter\Database\Exceptions\DatabaseException: Unknown column 'created_at' in 'field list'
in SYSTEMPATH\Database\MySQLi\Connection.php on line 317.
 1 SYSTEMPATH\Database\BaseConnection.php(734): CodeIgniter\Database\MySQLi\Connection->execute('INSERT INTO `users` (`name`, `email`, `city`, `tel`, `password`, `created_at`, `updated_at`) VALUES (\'Elmahjoub bentaher\', \'elmahjoub.bentaher@edu.uiz.ac.ma\', \'Oulad Teïma\', \'0767579247\', \'$2y$10$VfSw3Bvh2/7lq/ZwhbdbzeP04nSC9/ZqnqkN10g4NRFAkfuJvl66G\', \'2024-12-27 16:10:50\', \'2024-12-27 16:10:50\')')
 2 SYSTEMPATH\Database\BaseConnection.php(648): CodeIgniter\Database\BaseConnection->simpleQuery('INSERT INTO `users` (`name`, `email`, `city`, `tel`, `password`, `created_at`, `updated_at`) VALUES (\'Elmahjoub bentaher\', \'elmahjoub.bentaher@edu.uiz.ac.ma\', \'Oulad Teïma\', \'0767579247\', \'$2y$10$VfSw3Bvh2/7lq/ZwhbdbzeP04nSC9/ZqnqkN10g4NRFAkfuJvl66G\', \'2024-12-27 16:10:50\', \'2024-12-27 16:10:50\')')
 3 SYSTEMPATH\Database\BaseBuilder.php(2340): CodeIgniter\Database\BaseConnection->query('INSERT INTO `users` (`name`, `email`, `city`, `tel`, `password`, `created_at`, `updated_at`) VALUES (:name:, :email:, :city:, :tel:, :password:, :created_at:, :updated_at:)', [...], false)
 4 SYSTEMPATH\Model.php(394): CodeIgniter\Database\BaseBuilder->insert()
 5 SYSTEMPATH\BaseModel.php(840): CodeIgniter\Model->doInsert([...])
 6 SYSTEMPATH\Model.php(802): CodeIgniter\BaseModel->insert([...], false)
 7 SYSTEMPATH\BaseModel.php(751): CodeIgniter\Model->insert([...], false)
 8 APPPATH\Controllers\RegisterController.php(34): CodeIgniter\BaseModel->save([...])
 9 SYSTEMPATH\CodeIgniter.php(933): App\Controllers\RegisterController->store()
10 SYSTEMPATH\CodeIgniter.php(509): CodeIgniter\CodeIgniter->runController(Object(App\Controllers\RegisterController))
11 SYSTEMPATH\CodeIgniter.php(355): CodeIgniter\CodeIgniter->handleRequest(null, Object(Config\Cache), false)
12 SYSTEMPATH\Boot.php(325): CodeIgniter\CodeIgniter->run()
13 SYSTEMPATH\Boot.php(67): CodeIgniter\Boot::runCodeIgniter(Object(CodeIgniter\CodeIgniter))
14 FCPATH\index.php(56): CodeIgniter\Boot::bootWeb(Object(Config\Paths))
15 SYSTEMPATH\rewrite.php(44): require_once('C:\\Users\\ce pc\\Desktop\\gestion_examens\\public\\index.php')
CRITICAL - 2024-12-27 16:10:50 --> [Caused by] mysqli_sql_exception: Unknown column 'created_at' in 'field list'
in SYSTEMPATH\Database\MySQLi\Connection.php on line 312.
 1 SYSTEMPATH\Database\MySQLi\Connection.php(312): mysqli->query('INSERT INTO `users` (`name`, `email`, `city`, `tel`, `password`, `created_at`, `updated_at`) VALUES (\'Elmahjoub bentaher\', \'elmahjoub.bentaher@edu.uiz.ac.ma\', \'Oulad Teïma\', \'0767579247\', \'$2y$10$VfSw3Bvh2/7lq/ZwhbdbzeP04nSC9/ZqnqkN10g4NRFAkfuJvl66G\', \'2024-12-27 16:10:50\', \'2024-12-27 16:10:50\')', 0)
 2 SYSTEMPATH\Database\BaseConnection.php(734): CodeIgniter\Database\MySQLi\Connection->execute('INSERT INTO `users` (`name`, `email`, `city`, `tel`, `password`, `created_at`, `updated_at`) VALUES (\'Elmahjoub bentaher\', \'elmahjoub.bentaher@edu.uiz.ac.ma\', \'Oulad Teïma\', \'0767579247\', \'$2y$10$VfSw3Bvh2/7lq/ZwhbdbzeP04nSC9/ZqnqkN10g4NRFAkfuJvl66G\', \'2024-12-27 16:10:50\', \'2024-12-27 16:10:50\')')
 3 SYSTEMPATH\Database\BaseConnection.php(648): CodeIgniter\Database\BaseConnection->simpleQuery('INSERT INTO `users` (`name`, `email`, `city`, `tel`, `password`, `created_at`, `updated_at`) VALUES (\'Elmahjoub bentaher\', \'elmahjoub.bentaher@edu.uiz.ac.ma\', \'Oulad Teïma\', \'0767579247\', \'$2y$10$VfSw3Bvh2/7lq/ZwhbdbzeP04nSC9/ZqnqkN10g4NRFAkfuJvl66G\', \'2024-12-27 16:10:50\', \'2024-12-27 16:10:50\')')
 4 SYSTEMPATH\Database\BaseBuilder.php(2340): CodeIgniter\Database\BaseConnection->query('INSERT INTO `users` (`name`, `email`, `city`, `tel`, `password`, `created_at`, `updated_at`) VALUES (:name:, :email:, :city:, :tel:, :password:, :created_at:, :updated_at:)', [...], false)
 5 SYSTEMPATH\Model.php(394): CodeIgniter\Database\BaseBuilder->insert()
 6 SYSTEMPATH\BaseModel.php(840): CodeIgniter\Model->doInsert([...])
 7 SYSTEMPATH\Model.php(802): CodeIgniter\BaseModel->insert([...], false)
 8 SYSTEMPATH\BaseModel.php(751): CodeIgniter\Model->insert([...], false)
 9 APPPATH\Controllers\RegisterController.php(34): CodeIgniter\BaseModel->save([...])
10 SYSTEMPATH\CodeIgniter.php(933): App\Controllers\RegisterController->store()
11 SYSTEMPATH\CodeIgniter.php(509): CodeIgniter\CodeIgniter->runController(Object(App\Controllers\RegisterController))
12 SYSTEMPATH\CodeIgniter.php(355): CodeIgniter\CodeIgniter->handleRequest(null, Object(Config\Cache), false)
13 SYSTEMPATH\Boot.php(325): CodeIgniter\CodeIgniter->run()
14 SYSTEMPATH\Boot.php(67): CodeIgniter\Boot::runCodeIgniter(Object(CodeIgniter\CodeIgniter))
15 FCPATH\index.php(56): CodeIgniter\Boot::bootWeb(Object(Config\Paths))
16 SYSTEMPATH\rewrite.php(44): require_once('C:\\Users\\ce pc\\Desktop\\gestion_examens\\public\\index.php')
ERROR - 2024-12-27 16:13:34 --> mysqli_sql_exception: Unknown column 'created_at' in 'field list' in C:\Users\ce pc\Desktop\gestion_examens\system\Database\MySQLi\Connection.php:312
Stack trace:
#0 C:\Users\ce pc\Desktop\gestion_examens\system\Database\MySQLi\Connection.php(312): mysqli->query('INSERT INTO `us...', 0)
#1 C:\Users\ce pc\Desktop\gestion_examens\system\Database\BaseConnection.php(734): CodeIgniter\Database\MySQLi\Connection->execute('INSERT INTO `us...')
#2 C:\Users\ce pc\Desktop\gestion_examens\system\Database\BaseConnection.php(648): CodeIgniter\Database\BaseConnection->simpleQuery('INSERT INTO `us...')
#3 C:\Users\ce pc\Desktop\gestion_examens\system\Database\BaseBuilder.php(2340): CodeIgniter\Database\BaseConnection->query('INSERT INTO `us...', Array, false)
#4 C:\Users\ce pc\Desktop\gestion_examens\system\Model.php(394): CodeIgniter\Database\BaseBuilder->insert()
#5 C:\Users\ce pc\Desktop\gestion_examens\system\BaseModel.php(840): CodeIgniter\Model->doInsert(Array)
#6 C:\Users\ce pc\Desktop\gestion_examens\system\Model.php(802): CodeIgniter\BaseModel->insert(Array, false)
#7 C:\Users\ce pc\Desktop\gestion_examens\system\BaseModel.php(751): CodeIgniter\Model->insert(Array, false)
#8 C:\Users\ce pc\Desktop\gestion_examens\app\Controllers\RegisterController.php(36): CodeIgniter\BaseModel->save(Array)
#9 C:\Users\ce pc\Desktop\gestion_examens\system\CodeIgniter.php(933): App\Controllers\RegisterController->store()
#10 C:\Users\ce pc\Desktop\gestion_examens\system\CodeIgniter.php(509): CodeIgniter\CodeIgniter->runController(Object(App\Controllers\RegisterController))
#11 C:\Users\ce pc\Desktop\gestion_examens\system\CodeIgniter.php(355): CodeIgniter\CodeIgniter->handleRequest(NULL, Object(Config\Cache), false)
#12 C:\Users\ce pc\Desktop\gestion_examens\system\Boot.php(325): CodeIgniter\CodeIgniter->run()
#13 C:\Users\ce pc\Desktop\gestion_examens\system\Boot.php(67): CodeIgniter\Boot::runCodeIgniter(Object(CodeIgniter\CodeIgniter))
#14 C:\Users\ce pc\Desktop\gestion_examens\public\index.php(56): CodeIgniter\Boot::bootWeb(Object(Config\Paths))
#15 C:\Users\ce pc\Desktop\gestion_examens\system\rewrite.php(44): require_once('C:\\Users\\ce pc\\...')
#16 {main}
CRITICAL - 2024-12-27 16:13:34 --> CodeIgniter\Database\Exceptions\DatabaseException: Unknown column 'created_at' in 'field list'
[Method: POST, Route: register]
in SYSTEMPATH\Database\BaseConnection.php on line 688.
 1 SYSTEMPATH\Database\BaseBuilder.php(2340): CodeIgniter\Database\BaseConnection->query('INSERT INTO `users` (`name`, `email`, `city`, `tel`, `password`, `created_at`, `updated_at`) VALUES (:name:, :email:, :city:, :tel:, :password:, :created_at:, :updated_at:)', [...], false)
 2 SYSTEMPATH\Model.php(394): CodeIgniter\Database\BaseBuilder->insert()
 3 SYSTEMPATH\BaseModel.php(840): CodeIgniter\Model->doInsert([...])
 4 SYSTEMPATH\Model.php(802): CodeIgniter\BaseModel->insert([...], false)
 5 SYSTEMPATH\BaseModel.php(751): CodeIgniter\Model->insert([...], false)
 6 APPPATH\Controllers\RegisterController.php(36): CodeIgniter\BaseModel->save([...])
 7 SYSTEMPATH\CodeIgniter.php(933): App\Controllers\RegisterController->store()
 8 SYSTEMPATH\CodeIgniter.php(509): CodeIgniter\CodeIgniter->runController(Object(App\Controllers\RegisterController))
 9 SYSTEMPATH\CodeIgniter.php(355): CodeIgniter\CodeIgniter->handleRequest(null, Object(Config\Cache), false)
10 SYSTEMPATH\Boot.php(325): CodeIgniter\CodeIgniter->run()
11 SYSTEMPATH\Boot.php(67): CodeIgniter\Boot::runCodeIgniter(Object(CodeIgniter\CodeIgniter))
12 FCPATH\index.php(56): CodeIgniter\Boot::bootWeb(Object(Config\Paths))
13 SYSTEMPATH\rewrite.php(44): require_once('C:\\Users\\ce pc\\Desktop\\gestion_examens\\public\\index.php')
CRITICAL - 2024-12-27 16:13:34 --> [Caused by] CodeIgniter\Database\Exceptions\DatabaseException: Unknown column 'created_at' in 'field list'
in SYSTEMPATH\Database\MySQLi\Connection.php on line 317.
 1 SYSTEMPATH\Database\BaseConnection.php(734): CodeIgniter\Database\MySQLi\Connection->execute('INSERT INTO `users` (`name`, `email`, `city`, `tel`, `password`, `created_at`, `updated_at`) VALUES (\'Elmahjoub bentaher\', \'elmahjoub.bentaher@edu.uiz.ac.ma\', \'Oulad Teïma\', \'0767579247\', \'$2y$10$oueq7KRJaB7T.gTb6izF1./x/moxG8X1SMHXTmjq6FNVfEpYHqOxi\', \'2024-12-27 16:13:34\', \'2024-12-27 16:13:34\')')
 2 SYSTEMPATH\Database\BaseConnection.php(648): CodeIgniter\Database\BaseConnection->simpleQuery('INSERT INTO `users` (`name`, `email`, `city`, `tel`, `password`, `created_at`, `updated_at`) VALUES (\'Elmahjoub bentaher\', \'elmahjoub.bentaher@edu.uiz.ac.ma\', \'Oulad Teïma\', \'0767579247\', \'$2y$10$oueq7KRJaB7T.gTb6izF1./x/moxG8X1SMHXTmjq6FNVfEpYHqOxi\', \'2024-12-27 16:13:34\', \'2024-12-27 16:13:34\')')
 3 SYSTEMPATH\Database\BaseBuilder.php(2340): CodeIgniter\Database\BaseConnection->query('INSERT INTO `users` (`name`, `email`, `city`, `tel`, `password`, `created_at`, `updated_at`) VALUES (:name:, :email:, :city:, :tel:, :password:, :created_at:, :updated_at:)', [...], false)
 4 SYSTEMPATH\Model.php(394): CodeIgniter\Database\BaseBuilder->insert()
 5 SYSTEMPATH\BaseModel.php(840): CodeIgniter\Model->doInsert([...])
 6 SYSTEMPATH\Model.php(802): CodeIgniter\BaseModel->insert([...], false)
 7 SYSTEMPATH\BaseModel.php(751): CodeIgniter\Model->insert([...], false)
 8 APPPATH\Controllers\RegisterController.php(36): CodeIgniter\BaseModel->save([...])
 9 SYSTEMPATH\CodeIgniter.php(933): App\Controllers\RegisterController->store()
10 SYSTEMPATH\CodeIgniter.php(509): CodeIgniter\CodeIgniter->runController(Object(App\Controllers\RegisterController))
11 SYSTEMPATH\CodeIgniter.php(355): CodeIgniter\CodeIgniter->handleRequest(null, Object(Config\Cache), false)
12 SYSTEMPATH\Boot.php(325): CodeIgniter\CodeIgniter->run()
13 SYSTEMPATH\Boot.php(67): CodeIgniter\Boot::runCodeIgniter(Object(CodeIgniter\CodeIgniter))
14 FCPATH\index.php(56): CodeIgniter\Boot::bootWeb(Object(Config\Paths))
15 SYSTEMPATH\rewrite.php(44): require_once('C:\\Users\\ce pc\\Desktop\\gestion_examens\\public\\index.php')
CRITICAL - 2024-12-27 16:13:34 --> [Caused by] mysqli_sql_exception: Unknown column 'created_at' in 'field list'
in SYSTEMPATH\Database\MySQLi\Connection.php on line 312.
 1 SYSTEMPATH\Database\MySQLi\Connection.php(312): mysqli->query('INSERT INTO `users` (`name`, `email`, `city`, `tel`, `password`, `created_at`, `updated_at`) VALUES (\'Elmahjoub bentaher\', \'elmahjoub.bentaher@edu.uiz.ac.ma\', \'Oulad Teïma\', \'0767579247\', \'$2y$10$oueq7KRJaB7T.gTb6izF1./x/moxG8X1SMHXTmjq6FNVfEpYHqOxi\', \'2024-12-27 16:13:34\', \'2024-12-27 16:13:34\')', 0)
 2 SYSTEMPATH\Database\BaseConnection.php(734): CodeIgniter\Database\MySQLi\Connection->execute('INSERT INTO `users` (`name`, `email`, `city`, `tel`, `password`, `created_at`, `updated_at`) VALUES (\'Elmahjoub bentaher\', \'elmahjoub.bentaher@edu.uiz.ac.ma\', \'Oulad Teïma\', \'0767579247\', \'$2y$10$oueq7KRJaB7T.gTb6izF1./x/moxG8X1SMHXTmjq6FNVfEpYHqOxi\', \'2024-12-27 16:13:34\', \'2024-12-27 16:13:34\')')
 3 SYSTEMPATH\Database\BaseConnection.php(648): CodeIgniter\Database\BaseConnection->simpleQuery('INSERT INTO `users` (`name`, `email`, `city`, `tel`, `password`, `created_at`, `updated_at`) VALUES (\'Elmahjoub bentaher\', \'elmahjoub.bentaher@edu.uiz.ac.ma\', \'Oulad Teïma\', \'0767579247\', \'$2y$10$oueq7KRJaB7T.gTb6izF1./x/moxG8X1SMHXTmjq6FNVfEpYHqOxi\', \'2024-12-27 16:13:34\', \'2024-12-27 16:13:34\')')
 4 SYSTEMPATH\Database\BaseBuilder.php(2340): CodeIgniter\Database\BaseConnection->query('INSERT INTO `users` (`name`, `email`, `city`, `tel`, `password`, `created_at`, `updated_at`) VALUES (:name:, :email:, :city:, :tel:, :password:, :created_at:, :updated_at:)', [...], false)
 5 SYSTEMPATH\Model.php(394): CodeIgniter\Database\BaseBuilder->insert()
 6 SYSTEMPATH\BaseModel.php(840): CodeIgniter\Model->doInsert([...])
 7 SYSTEMPATH\Model.php(802): CodeIgniter\BaseModel->insert([...], false)
 8 SYSTEMPATH\BaseModel.php(751): CodeIgniter\Model->insert([...], false)
 9 APPPATH\Controllers\RegisterController.php(36): CodeIgniter\BaseModel->save([...])
10 SYSTEMPATH\CodeIgniter.php(933): App\Controllers\RegisterController->store()
11 SYSTEMPATH\CodeIgniter.php(509): CodeIgniter\CodeIgniter->runController(Object(App\Controllers\RegisterController))
12 SYSTEMPATH\CodeIgniter.php(355): CodeIgniter\CodeIgniter->handleRequest(null, Object(Config\Cache), false)
13 SYSTEMPATH\Boot.php(325): CodeIgniter\CodeIgniter->run()
14 SYSTEMPATH\Boot.php(67): CodeIgniter\Boot::runCodeIgniter(Object(CodeIgniter\CodeIgniter))
15 FCPATH\index.php(56): CodeIgniter\Boot::bootWeb(Object(Config\Paths))
16 SYSTEMPATH\rewrite.php(44): require_once('C:\\Users\\ce pc\\Desktop\\gestion_examens\\public\\index.php')
ERROR - 2024-12-27 16:14:53 --> mysqli_sql_exception: Unknown column 'created_at' in 'field list' in C:\Users\ce pc\Desktop\gestion_examens\system\Database\MySQLi\Connection.php:312
Stack trace:
#0 C:\Users\ce pc\Desktop\gestion_examens\system\Database\MySQLi\Connection.php(312): mysqli->query('INSERT INTO `us...', 0)
#1 C:\Users\ce pc\Desktop\gestion_examens\system\Database\BaseConnection.php(734): CodeIgniter\Database\MySQLi\Connection->execute('INSERT INTO `us...')
#2 C:\Users\ce pc\Desktop\gestion_examens\system\Database\BaseConnection.php(648): CodeIgniter\Database\BaseConnection->simpleQuery('INSERT INTO `us...')
#3 C:\Users\ce pc\Desktop\gestion_examens\system\Database\BaseBuilder.php(2340): CodeIgniter\Database\BaseConnection->query('INSERT INTO `us...', Array, false)
#4 C:\Users\ce pc\Desktop\gestion_examens\system\Model.php(394): CodeIgniter\Database\BaseBuilder->insert()
#5 C:\Users\ce pc\Desktop\gestion_examens\system\BaseModel.php(840): CodeIgniter\Model->doInsert(Array)
#6 C:\Users\ce pc\Desktop\gestion_examens\system\Model.php(802): CodeIgniter\BaseModel->insert(Array, false)
#7 C:\Users\ce pc\Desktop\gestion_examens\system\BaseModel.php(751): CodeIgniter\Model->insert(Array, false)
#8 C:\Users\ce pc\Desktop\gestion_examens\app\Controllers\RegisterController.php(36): CodeIgniter\BaseModel->save(Array)
#9 C:\Users\ce pc\Desktop\gestion_examens\system\CodeIgniter.php(933): App\Controllers\RegisterController->store()
#10 C:\Users\ce pc\Desktop\gestion_examens\system\CodeIgniter.php(509): CodeIgniter\CodeIgniter->runController(Object(App\Controllers\RegisterController))
#11 C:\Users\ce pc\Desktop\gestion_examens\system\CodeIgniter.php(355): CodeIgniter\CodeIgniter->handleRequest(NULL, Object(Config\Cache), false)
#12 C:\Users\ce pc\Desktop\gestion_examens\system\Boot.php(325): CodeIgniter\CodeIgniter->run()
#13 C:\Users\ce pc\Desktop\gestion_examens\system\Boot.php(67): CodeIgniter\Boot::runCodeIgniter(Object(CodeIgniter\CodeIgniter))
#14 C:\Users\ce pc\Desktop\gestion_examens\public\index.php(56): CodeIgniter\Boot::bootWeb(Object(Config\Paths))
#15 C:\Users\ce pc\Desktop\gestion_examens\system\rewrite.php(44): require_once('C:\\Users\\ce pc\\...')
#16 {main}
CRITICAL - 2024-12-27 16:14:53 --> CodeIgniter\Database\Exceptions\DatabaseException: Unknown column 'created_at' in 'field list'
[Method: POST, Route: register]
in SYSTEMPATH\Database\BaseConnection.php on line 688.
 1 SYSTEMPATH\Database\BaseBuilder.php(2340): CodeIgniter\Database\BaseConnection->query('INSERT INTO `users` (`name`, `email`, `city`, `tel`, `password`, `created_at`, `updated_at`) VALUES (:name:, :email:, :city:, :tel:, :password:, :created_at:, :updated_at:)', [...], false)
 2 SYSTEMPATH\Model.php(394): CodeIgniter\Database\BaseBuilder->insert()
 3 SYSTEMPATH\BaseModel.php(840): CodeIgniter\Model->doInsert([...])
 4 SYSTEMPATH\Model.php(802): CodeIgniter\BaseModel->insert([...], false)
 5 SYSTEMPATH\BaseModel.php(751): CodeIgniter\Model->insert([...], false)
 6 APPPATH\Controllers\RegisterController.php(36): CodeIgniter\BaseModel->save([...])
 7 SYSTEMPATH\CodeIgniter.php(933): App\Controllers\RegisterController->store()
 8 SYSTEMPATH\CodeIgniter.php(509): CodeIgniter\CodeIgniter->runController(Object(App\Controllers\RegisterController))
 9 SYSTEMPATH\CodeIgniter.php(355): CodeIgniter\CodeIgniter->handleRequest(null, Object(Config\Cache), false)
10 SYSTEMPATH\Boot.php(325): CodeIgniter\CodeIgniter->run()
11 SYSTEMPATH\Boot.php(67): CodeIgniter\Boot::runCodeIgniter(Object(CodeIgniter\CodeIgniter))
12 FCPATH\index.php(56): CodeIgniter\Boot::bootWeb(Object(Config\Paths))
13 SYSTEMPATH\rewrite.php(44): require_once('C:\\Users\\ce pc\\Desktop\\gestion_examens\\public\\index.php')
CRITICAL - 2024-12-27 16:14:53 --> [Caused by] CodeIgniter\Database\Exceptions\DatabaseException: Unknown column 'created_at' in 'field list'
in SYSTEMPATH\Database\MySQLi\Connection.php on line 317.
 1 SYSTEMPATH\Database\BaseConnection.php(734): CodeIgniter\Database\MySQLi\Connection->execute('INSERT INTO `users` (`name`, `email`, `city`, `tel`, `password`, `created_at`, `updated_at`) VALUES (\'Elmahjoub bentaher\', \'elmahjoub.bentaher@edu.uiz.ac.ma\', \'Oulad Teïma\', \'0767579247\', \'$2y$10$7X5XIXzS6qL7ttH25MGVxu.9YLNxv5ierGWfSq20izFmWbom0Lp7W\', \'2024-12-27 16:14:53\', \'2024-12-27 16:14:53\')')
 2 SYSTEMPATH\Database\BaseConnection.php(648): CodeIgniter\Database\BaseConnection->simpleQuery('INSERT INTO `users` (`name`, `email`, `city`, `tel`, `password`, `created_at`, `updated_at`) VALUES (\'Elmahjoub bentaher\', \'elmahjoub.bentaher@edu.uiz.ac.ma\', \'Oulad Teïma\', \'0767579247\', \'$2y$10$7X5XIXzS6qL7ttH25MGVxu.9YLNxv5ierGWfSq20izFmWbom0Lp7W\', \'2024-12-27 16:14:53\', \'2024-12-27 16:14:53\')')
 3 SYSTEMPATH\Database\BaseBuilder.php(2340): CodeIgniter\Database\BaseConnection->query('INSERT INTO `users` (`name`, `email`, `city`, `tel`, `password`, `created_at`, `updated_at`) VALUES (:name:, :email:, :city:, :tel:, :password:, :created_at:, :updated_at:)', [...], false)
 4 SYSTEMPATH\Model.php(394): CodeIgniter\Database\BaseBuilder->insert()
 5 SYSTEMPATH\BaseModel.php(840): CodeIgniter\Model->doInsert([...])
 6 SYSTEMPATH\Model.php(802): CodeIgniter\BaseModel->insert([...], false)
 7 SYSTEMPATH\BaseModel.php(751): CodeIgniter\Model->insert([...], false)
 8 APPPATH\Controllers\RegisterController.php(36): CodeIgniter\BaseModel->save([...])
 9 SYSTEMPATH\CodeIgniter.php(933): App\Controllers\RegisterController->store()
10 SYSTEMPATH\CodeIgniter.php(509): CodeIgniter\CodeIgniter->runController(Object(App\Controllers\RegisterController))
11 SYSTEMPATH\CodeIgniter.php(355): CodeIgniter\CodeIgniter->handleRequest(null, Object(Config\Cache), false)
12 SYSTEMPATH\Boot.php(325): CodeIgniter\CodeIgniter->run()
13 SYSTEMPATH\Boot.php(67): CodeIgniter\Boot::runCodeIgniter(Object(CodeIgniter\CodeIgniter))
14 FCPATH\index.php(56): CodeIgniter\Boot::bootWeb(Object(Config\Paths))
15 SYSTEMPATH\rewrite.php(44): require_once('C:\\Users\\ce pc\\Desktop\\gestion_examens\\public\\index.php')
CRITICAL - 2024-12-27 16:14:53 --> [Caused by] mysqli_sql_exception: Unknown column 'created_at' in 'field list'
in SYSTEMPATH\Database\MySQLi\Connection.php on line 312.
 1 SYSTEMPATH\Database\MySQLi\Connection.php(312): mysqli->query('INSERT INTO `users` (`name`, `email`, `city`, `tel`, `password`, `created_at`, `updated_at`) VALUES (\'Elmahjoub bentaher\', \'elmahjoub.bentaher@edu.uiz.ac.ma\', \'Oulad Teïma\', \'0767579247\', \'$2y$10$7X5XIXzS6qL7ttH25MGVxu.9YLNxv5ierGWfSq20izFmWbom0Lp7W\', \'2024-12-27 16:14:53\', \'2024-12-27 16:14:53\')', 0)
 2 SYSTEMPATH\Database\BaseConnection.php(734): CodeIgniter\Database\MySQLi\Connection->execute('INSERT INTO `users` (`name`, `email`, `city`, `tel`, `password`, `created_at`, `updated_at`) VALUES (\'Elmahjoub bentaher\', \'elmahjoub.bentaher@edu.uiz.ac.ma\', \'Oulad Teïma\', \'0767579247\', \'$2y$10$7X5XIXzS6qL7ttH25MGVxu.9YLNxv5ierGWfSq20izFmWbom0Lp7W\', \'2024-12-27 16:14:53\', \'2024-12-27 16:14:53\')')
 3 SYSTEMPATH\Database\BaseConnection.php(648): CodeIgniter\Database\BaseConnection->simpleQuery('INSERT INTO `users` (`name`, `email`, `city`, `tel`, `password`, `created_at`, `updated_at`) VALUES (\'Elmahjoub bentaher\', \'elmahjoub.bentaher@edu.uiz.ac.ma\', \'Oulad Teïma\', \'0767579247\', \'$2y$10$7X5XIXzS6qL7ttH25MGVxu.9YLNxv5ierGWfSq20izFmWbom0Lp7W\', \'2024-12-27 16:14:53\', \'2024-12-27 16:14:53\')')
 4 SYSTEMPATH\Database\BaseBuilder.php(2340): CodeIgniter\Database\BaseConnection->query('INSERT INTO `users` (`name`, `email`, `city`, `tel`, `password`, `created_at`, `updated_at`) VALUES (:name:, :email:, :city:, :tel:, :password:, :created_at:, :updated_at:)', [...], false)
 5 SYSTEMPATH\Model.php(394): CodeIgniter\Database\BaseBuilder->insert()
 6 SYSTEMPATH\BaseModel.php(840): CodeIgniter\Model->doInsert([...])
 7 SYSTEMPATH\Model.php(802): CodeIgniter\BaseModel->insert([...], false)
 8 SYSTEMPATH\BaseModel.php(751): CodeIgniter\Model->insert([...], false)
 9 APPPATH\Controllers\RegisterController.php(36): CodeIgniter\BaseModel->save([...])
10 SYSTEMPATH\CodeIgniter.php(933): App\Controllers\RegisterController->store()
11 SYSTEMPATH\CodeIgniter.php(509): CodeIgniter\CodeIgniter->runController(Object(App\Controllers\RegisterController))
12 SYSTEMPATH\CodeIgniter.php(355): CodeIgniter\CodeIgniter->handleRequest(null, Object(Config\Cache), false)
13 SYSTEMPATH\Boot.php(325): CodeIgniter\CodeIgniter->run()
14 SYSTEMPATH\Boot.php(67): CodeIgniter\Boot::runCodeIgniter(Object(CodeIgniter\CodeIgniter))
15 FCPATH\index.php(56): CodeIgniter\Boot::bootWeb(Object(Config\Paths))
16 SYSTEMPATH\rewrite.php(44): require_once('C:\\Users\\ce pc\\Desktop\\gestion_examens\\public\\index.php')
ERROR - 2024-12-27 16:17:58 --> mysqli_sql_exception: Unknown column 'created_at' in 'field list' in C:\Users\ce pc\Desktop\gestion_examens\system\Database\MySQLi\Connection.php:312
Stack trace:
#0 C:\Users\ce pc\Desktop\gestion_examens\system\Database\MySQLi\Connection.php(312): mysqli->query('INSERT INTO `us...', 0)
#1 C:\Users\ce pc\Desktop\gestion_examens\system\Database\BaseConnection.php(734): CodeIgniter\Database\MySQLi\Connection->execute('INSERT INTO `us...')
#2 C:\Users\ce pc\Desktop\gestion_examens\system\Database\BaseConnection.php(648): CodeIgniter\Database\BaseConnection->simpleQuery('INSERT INTO `us...')
#3 C:\Users\ce pc\Desktop\gestion_examens\system\Database\BaseBuilder.php(2340): CodeIgniter\Database\BaseConnection->query('INSERT INTO `us...', Array, false)
#4 C:\Users\ce pc\Desktop\gestion_examens\system\Model.php(394): CodeIgniter\Database\BaseBuilder->insert()
#5 C:\Users\ce pc\Desktop\gestion_examens\system\BaseModel.php(840): CodeIgniter\Model->doInsert(Array)
#6 C:\Users\ce pc\Desktop\gestion_examens\system\Model.php(802): CodeIgniter\BaseModel->insert(Array, false)
#7 C:\Users\ce pc\Desktop\gestion_examens\system\BaseModel.php(751): CodeIgniter\Model->insert(Array, false)
#8 C:\Users\ce pc\Desktop\gestion_examens\app\Controllers\RegisterController.php(36): CodeIgniter\BaseModel->save(Array)
#9 C:\Users\ce pc\Desktop\gestion_examens\system\CodeIgniter.php(933): App\Controllers\RegisterController->store()
#10 C:\Users\ce pc\Desktop\gestion_examens\system\CodeIgniter.php(509): CodeIgniter\CodeIgniter->runController(Object(App\Controllers\RegisterController))
#11 C:\Users\ce pc\Desktop\gestion_examens\system\CodeIgniter.php(355): CodeIgniter\CodeIgniter->handleRequest(NULL, Object(Config\Cache), false)
#12 C:\Users\ce pc\Desktop\gestion_examens\system\Boot.php(325): CodeIgniter\CodeIgniter->run()
#13 C:\Users\ce pc\Desktop\gestion_examens\system\Boot.php(67): CodeIgniter\Boot::runCodeIgniter(Object(CodeIgniter\CodeIgniter))
#14 C:\Users\ce pc\Desktop\gestion_examens\public\index.php(56): CodeIgniter\Boot::bootWeb(Object(Config\Paths))
#15 C:\Users\ce pc\Desktop\gestion_examens\system\rewrite.php(44): require_once('C:\\Users\\ce pc\\...')
#16 {main}
CRITICAL - 2024-12-27 16:17:58 --> CodeIgniter\Database\Exceptions\DatabaseException: Unknown column 'created_at' in 'field list'
[Method: POST, Route: register]
in SYSTEMPATH\Database\BaseConnection.php on line 688.
 1 SYSTEMPATH\Database\BaseBuilder.php(2340): CodeIgniter\Database\BaseConnection->query('INSERT INTO `users` (`name`, `email`, `city`, `tel`, `password`, `created_at`, `updated_at`) VALUES (:name:, :email:, :city:, :tel:, :password:, :created_at:, :updated_at:)', [...], false)
 2 SYSTEMPATH\Model.php(394): CodeIgniter\Database\BaseBuilder->insert()
 3 SYSTEMPATH\BaseModel.php(840): CodeIgniter\Model->doInsert([...])
 4 SYSTEMPATH\Model.php(802): CodeIgniter\BaseModel->insert([...], false)
 5 SYSTEMPATH\BaseModel.php(751): CodeIgniter\Model->insert([...], false)
 6 APPPATH\Controllers\RegisterController.php(36): CodeIgniter\BaseModel->save([...])
 7 SYSTEMPATH\CodeIgniter.php(933): App\Controllers\RegisterController->store()
 8 SYSTEMPATH\CodeIgniter.php(509): CodeIgniter\CodeIgniter->runController(Object(App\Controllers\RegisterController))
 9 SYSTEMPATH\CodeIgniter.php(355): CodeIgniter\CodeIgniter->handleRequest(null, Object(Config\Cache), false)
10 SYSTEMPATH\Boot.php(325): CodeIgniter\CodeIgniter->run()
11 SYSTEMPATH\Boot.php(67): CodeIgniter\Boot::runCodeIgniter(Object(CodeIgniter\CodeIgniter))
12 FCPATH\index.php(56): CodeIgniter\Boot::bootWeb(Object(Config\Paths))
13 SYSTEMPATH\rewrite.php(44): require_once('C:\\Users\\ce pc\\Desktop\\gestion_examens\\public\\index.php')
CRITICAL - 2024-12-27 16:17:58 --> [Caused by] CodeIgniter\Database\Exceptions\DatabaseException: Unknown column 'created_at' in 'field list'
in SYSTEMPATH\Database\MySQLi\Connection.php on line 317.
 1 SYSTEMPATH\Database\BaseConnection.php(734): CodeIgniter\Database\MySQLi\Connection->execute('INSERT INTO `users` (`name`, `email`, `city`, `tel`, `password`, `created_at`, `updated_at`) VALUES (\'Elmahjoub bentaher\', \'elmahjoub.bentaher@edu.uiz.ac.ma\', \'Oulad Teïma\', \'0767579247\', \'$2y$10$5yJVEsWUq5jUFj6ilhMTWOu6n.yeLuOnDhzAuNj.q6KlZ7Vx.grcO\', \'2024-12-27 16:17:58\', \'2024-12-27 16:17:58\')')
 2 SYSTEMPATH\Database\BaseConnection.php(648): CodeIgniter\Database\BaseConnection->simpleQuery('INSERT INTO `users` (`name`, `email`, `city`, `tel`, `password`, `created_at`, `updated_at`) VALUES (\'Elmahjoub bentaher\', \'elmahjoub.bentaher@edu.uiz.ac.ma\', \'Oulad Teïma\', \'0767579247\', \'$2y$10$5yJVEsWUq5jUFj6ilhMTWOu6n.yeLuOnDhzAuNj.q6KlZ7Vx.grcO\', \'2024-12-27 16:17:58\', \'2024-12-27 16:17:58\')')
 3 SYSTEMPATH\Database\BaseBuilder.php(2340): CodeIgniter\Database\BaseConnection->query('INSERT INTO `users` (`name`, `email`, `city`, `tel`, `password`, `created_at`, `updated_at`) VALUES (:name:, :email:, :city:, :tel:, :password:, :created_at:, :updated_at:)', [...], false)
 4 SYSTEMPATH\Model.php(394): CodeIgniter\Database\BaseBuilder->insert()
 5 SYSTEMPATH\BaseModel.php(840): CodeIgniter\Model->doInsert([...])
 6 SYSTEMPATH\Model.php(802): CodeIgniter\BaseModel->insert([...], false)
 7 SYSTEMPATH\BaseModel.php(751): CodeIgniter\Model->insert([...], false)
 8 APPPATH\Controllers\RegisterController.php(36): CodeIgniter\BaseModel->save([...])
 9 SYSTEMPATH\CodeIgniter.php(933): App\Controllers\RegisterController->store()
10 SYSTEMPATH\CodeIgniter.php(509): CodeIgniter\CodeIgniter->runController(Object(App\Controllers\RegisterController))
11 SYSTEMPATH\CodeIgniter.php(355): CodeIgniter\CodeIgniter->handleRequest(null, Object(Config\Cache), false)
12 SYSTEMPATH\Boot.php(325): CodeIgniter\CodeIgniter->run()
13 SYSTEMPATH\Boot.php(67): CodeIgniter\Boot::runCodeIgniter(Object(CodeIgniter\CodeIgniter))
14 FCPATH\index.php(56): CodeIgniter\Boot::bootWeb(Object(Config\Paths))
15 SYSTEMPATH\rewrite.php(44): require_once('C:\\Users\\ce pc\\Desktop\\gestion_examens\\public\\index.php')
CRITICAL - 2024-12-27 16:17:58 --> [Caused by] mysqli_sql_exception: Unknown column 'created_at' in 'field list'
in SYSTEMPATH\Database\MySQLi\Connection.php on line 312.
 1 SYSTEMPATH\Database\MySQLi\Connection.php(312): mysqli->query('INSERT INTO `users` (`name`, `email`, `city`, `tel`, `password`, `created_at`, `updated_at`) VALUES (\'Elmahjoub bentaher\', \'elmahjoub.bentaher@edu.uiz.ac.ma\', \'Oulad Teïma\', \'0767579247\', \'$2y$10$5yJVEsWUq5jUFj6ilhMTWOu6n.yeLuOnDhzAuNj.q6KlZ7Vx.grcO\', \'2024-12-27 16:17:58\', \'2024-12-27 16:17:58\')', 0)
 2 SYSTEMPATH\Database\BaseConnection.php(734): CodeIgniter\Database\MySQLi\Connection->execute('INSERT INTO `users` (`name`, `email`, `city`, `tel`, `password`, `created_at`, `updated_at`) VALUES (\'Elmahjoub bentaher\', \'elmahjoub.bentaher@edu.uiz.ac.ma\', \'Oulad Teïma\', \'0767579247\', \'$2y$10$5yJVEsWUq5jUFj6ilhMTWOu6n.yeLuOnDhzAuNj.q6KlZ7Vx.grcO\', \'2024-12-27 16:17:58\', \'2024-12-27 16:17:58\')')
 3 SYSTEMPATH\Database\BaseConnection.php(648): CodeIgniter\Database\BaseConnection->simpleQuery('INSERT INTO `users` (`name`, `email`, `city`, `tel`, `password`, `created_at`, `updated_at`) VALUES (\'Elmahjoub bentaher\', \'elmahjoub.bentaher@edu.uiz.ac.ma\', \'Oulad Teïma\', \'0767579247\', \'$2y$10$5yJVEsWUq5jUFj6ilhMTWOu6n.yeLuOnDhzAuNj.q6KlZ7Vx.grcO\', \'2024-12-27 16:17:58\', \'2024-12-27 16:17:58\')')
 4 SYSTEMPATH\Database\BaseBuilder.php(2340): CodeIgniter\Database\BaseConnection->query('INSERT INTO `users` (`name`, `email`, `city`, `tel`, `password`, `created_at`, `updated_at`) VALUES (:name:, :email:, :city:, :tel:, :password:, :created_at:, :updated_at:)', [...], false)
 5 SYSTEMPATH\Model.php(394): CodeIgniter\Database\BaseBuilder->insert()
 6 SYSTEMPATH\BaseModel.php(840): CodeIgniter\Model->doInsert([...])
 7 SYSTEMPATH\Model.php(802): CodeIgniter\BaseModel->insert([...], false)
 8 SYSTEMPATH\BaseModel.php(751): CodeIgniter\Model->insert([...], false)
 9 APPPATH\Controllers\RegisterController.php(36): CodeIgniter\BaseModel->save([...])
10 SYSTEMPATH\CodeIgniter.php(933): App\Controllers\RegisterController->store()
11 SYSTEMPATH\CodeIgniter.php(509): CodeIgniter\CodeIgniter->runController(Object(App\Controllers\RegisterController))
12 SYSTEMPATH\CodeIgniter.php(355): CodeIgniter\CodeIgniter->handleRequest(null, Object(Config\Cache), false)
13 SYSTEMPATH\Boot.php(325): CodeIgniter\CodeIgniter->run()
14 SYSTEMPATH\Boot.php(67): CodeIgniter\Boot::runCodeIgniter(Object(CodeIgniter\CodeIgniter))
15 FCPATH\index.php(56): CodeIgniter\Boot::bootWeb(Object(Config\Paths))
16 SYSTEMPATH\rewrite.php(44): require_once('C:\\Users\\ce pc\\Desktop\\gestion_examens\\public\\index.php')
