CRITICAL - 2024-12-29 20:45:47 --> ParseError: syntax error, unexpected token "<<", expecting end of file
[Method: CLI, Route: serve]
in APPPATH\Config\Routes.php on line 8.
 1 SYSTEMPATH\CLI\Console.php(41): CodeIgniter\Router\RouteCollection->loadRoutes()
 2 SYSTEMPATH\Boot.php(351): CodeIgniter\CLI\Console->run()
 3 SYSTEMPATH\Boot.php(104): CodeIgniter\Boot::runCommand(Object(CodeIgniter\CLI\Console))
 4 ROOTPATH\spark(84): CodeIgniter\Boot::bootSpark(Object(Config\Paths))
CRITICAL - 2024-12-29 20:46:47 --> ParseError: syntax error, unexpected token "<<", expecting "function" or "const"
[Method: GET, Route: /]
in APPPATH\Controllers\Home.php on line 11.
 1 SYSTEMPATH\Autoloader\Autoloader.php(296): CodeIgniter\Autoloader\Autoloader->includeFile('C:\\Users\\user\\Desktop\\S7\\codeigniter 4\\Ci4_project\\app\\Controllers\\Home.php')
 2 SYSTEMPATH\Autoloader\Autoloader.php(272): CodeIgniter\Autoloader\Autoloader->loadInNamespace('App\\Controllers\\Home')
 3 [internal function]: CodeIgniter\Autoloader\Autoloader->loadClass('App\\Controllers\\Home')
 4 SYSTEMPATH\CodeIgniter.php(887): class_exists('\\App\\Controllers\\Home', true)
 5 SYSTEMPATH\CodeIgniter.php(496): CodeIgniter\CodeIgniter->startController()
 6 SYSTEMPATH\CodeIgniter.php(355): CodeIgniter\CodeIgniter->handleRequest(null, Object(Config\Cache), false)
 7 SYSTEMPATH\Boot.php(325): CodeIgniter\CodeIgniter->run()
 8 SYSTEMPATH\Boot.php(67): CodeIgniter\Boot::runCodeIgniter(Object(CodeIgniter\CodeIgniter))
 9 FCPATH\index.php(56): CodeIgniter\Boot::bootWeb(Object(Config\Paths))
10 SYSTEMPATH\rewrite.php(44): require_once('C:\\Users\\user\\Desktop\\S7\\codeigniter 4\\Ci4_project\\public\\index.php')
CRITICAL - 2024-12-29 20:46:52 --> ParseError: syntax error, unexpected token "<<", expecting "function" or "const"
[Method: GET, Route: registe]
in APPPATH\Controllers\Home.php on line 11.
 1 SYSTEMPATH\Autoloader\Autoloader.php(296): CodeIgniter\Autoloader\Autoloader->includeFile('C:\\Users\\user\\Desktop\\S7\\codeigniter 4\\Ci4_project\\app\\Controllers\\Home.php')
 2 SYSTEMPATH\Autoloader\Autoloader.php(272): CodeIgniter\Autoloader\Autoloader->loadInNamespace('App\\Controllers\\Home')
 3 [internal function]: CodeIgniter\Autoloader\Autoloader->loadClass('App\\Controllers\\Home')
 4 SYSTEMPATH\CodeIgniter.php(887): class_exists('\\App\\Controllers\\Home', true)
 5 SYSTEMPATH\CodeIgniter.php(496): CodeIgniter\CodeIgniter->startController()
 6 SYSTEMPATH\CodeIgniter.php(355): CodeIgniter\CodeIgniter->handleRequest(null, Object(Config\Cache), false)
 7 SYSTEMPATH\Boot.php(325): CodeIgniter\CodeIgniter->run()
 8 SYSTEMPATH\Boot.php(67): CodeIgniter\Boot::runCodeIgniter(Object(CodeIgniter\CodeIgniter))
 9 FCPATH\index.php(56): CodeIgniter\Boot::bootWeb(Object(Config\Paths))
10 SYSTEMPATH\rewrite.php(44): require_once('C:\\Users\\user\\Desktop\\S7\\codeigniter 4\\Ci4_project\\public\\index.php')
CRITICAL - 2024-12-29 20:46:55 --> ParseError: syntax error, unexpected token "<<", expecting "function" or "const"
[Method: GET, Route: registe]
in APPPATH\Controllers\Home.php on line 11.
 1 SYSTEMPATH\Autoloader\Autoloader.php(296): CodeIgniter\Autoloader\Autoloader->includeFile('C:\\Users\\user\\Desktop\\S7\\codeigniter 4\\Ci4_project\\app\\Controllers\\Home.php')
 2 SYSTEMPATH\Autoloader\Autoloader.php(272): CodeIgniter\Autoloader\Autoloader->loadInNamespace('App\\Controllers\\Home')
 3 [internal function]: CodeIgniter\Autoloader\Autoloader->loadClass('App\\Controllers\\Home')
 4 SYSTEMPATH\CodeIgniter.php(887): class_exists('\\App\\Controllers\\Home', true)
 5 SYSTEMPATH\CodeIgniter.php(496): CodeIgniter\CodeIgniter->startController()
 6 SYSTEMPATH\CodeIgniter.php(355): CodeIgniter\CodeIgniter->handleRequest(null, Object(Config\Cache), false)
 7 SYSTEMPATH\Boot.php(325): CodeIgniter\CodeIgniter->run()
 8 SYSTEMPATH\Boot.php(67): CodeIgniter\Boot::runCodeIgniter(Object(CodeIgniter\CodeIgniter))
 9 FCPATH\index.php(56): CodeIgniter\Boot::bootWeb(Object(Config\Paths))
10 SYSTEMPATH\rewrite.php(44): require_once('C:\\Users\\user\\Desktop\\S7\\codeigniter 4\\Ci4_project\\public\\index.php')
CRITICAL - 2024-12-29 20:53:00 --> ParseError: syntax error, unexpected token "<<", expecting "function" or "const"
[Method: GET, Route: registe]
in APPPATH\Controllers\Home.php on line 11.
 1 SYSTEMPATH\Autoloader\Autoloader.php(296): CodeIgniter\Autoloader\Autoloader->includeFile('C:\\Users\\user\\Desktop\\S7\\codeigniter 4\\Ci4_project\\app\\Controllers\\Home.php')
 2 SYSTEMPATH\Autoloader\Autoloader.php(272): CodeIgniter\Autoloader\Autoloader->loadInNamespace('App\\Controllers\\Home')
 3 [internal function]: CodeIgniter\Autoloader\Autoloader->loadClass('App\\Controllers\\Home')
 4 SYSTEMPATH\CodeIgniter.php(887): class_exists('\\App\\Controllers\\Home', true)
 5 SYSTEMPATH\CodeIgniter.php(496): CodeIgniter\CodeIgniter->startController()
 6 SYSTEMPATH\CodeIgniter.php(355): CodeIgniter\CodeIgniter->handleRequest(null, Object(Config\Cache), false)
 7 SYSTEMPATH\Boot.php(325): CodeIgniter\CodeIgniter->run()
 8 SYSTEMPATH\Boot.php(67): CodeIgniter\Boot::runCodeIgniter(Object(CodeIgniter\CodeIgniter))
 9 FCPATH\index.php(56): CodeIgniter\Boot::bootWeb(Object(Config\Paths))
10 SYSTEMPATH\rewrite.php(44): require_once('C:\\Users\\user\\Desktop\\S7\\codeigniter 4\\Ci4_project\\public\\index.php')
CRITICAL - 2024-12-29 20:53:03 --> ParseError: syntax error, unexpected token "<<", expecting "function" or "const"
[Method: GET, Route: registe]
in APPPATH\Controllers\Home.php on line 11.
 1 SYSTEMPATH\Autoloader\Autoloader.php(296): CodeIgniter\Autoloader\Autoloader->includeFile('C:\\Users\\user\\Desktop\\S7\\codeigniter 4\\Ci4_project\\app\\Controllers\\Home.php')
 2 SYSTEMPATH\Autoloader\Autoloader.php(272): CodeIgniter\Autoloader\Autoloader->loadInNamespace('App\\Controllers\\Home')
 3 [internal function]: CodeIgniter\Autoloader\Autoloader->loadClass('App\\Controllers\\Home')
 4 SYSTEMPATH\CodeIgniter.php(887): class_exists('\\App\\Controllers\\Home', true)
 5 SYSTEMPATH\CodeIgniter.php(496): CodeIgniter\CodeIgniter->startController()
 6 SYSTEMPATH\CodeIgniter.php(355): CodeIgniter\CodeIgniter->handleRequest(null, Object(Config\Cache), false)
 7 SYSTEMPATH\Boot.php(325): CodeIgniter\CodeIgniter->run()
 8 SYSTEMPATH\Boot.php(67): CodeIgniter\Boot::runCodeIgniter(Object(CodeIgniter\CodeIgniter))
 9 FCPATH\index.php(56): CodeIgniter\Boot::bootWeb(Object(Config\Paths))
10 SYSTEMPATH\rewrite.php(44): require_once('C:\\Users\\user\\Desktop\\S7\\codeigniter 4\\Ci4_project\\public\\index.php')
CRITICAL - 2024-12-29 20:53:55 --> ParseError: syntax error, unexpected token "<<", expecting "function" or "const"
[Method: GET, Route: registe]
in APPPATH\Controllers\Home.php on line 11.
 1 SYSTEMPATH\Autoloader\Autoloader.php(296): CodeIgniter\Autoloader\Autoloader->includeFile('C:\\Users\\user\\Desktop\\S7\\codeigniter 4\\Ci4_project\\app\\Controllers\\Home.php')
 2 SYSTEMPATH\Autoloader\Autoloader.php(272): CodeIgniter\Autoloader\Autoloader->loadInNamespace('App\\Controllers\\Home')
 3 [internal function]: CodeIgniter\Autoloader\Autoloader->loadClass('App\\Controllers\\Home')
 4 SYSTEMPATH\CodeIgniter.php(887): class_exists('\\App\\Controllers\\Home', true)
 5 SYSTEMPATH\CodeIgniter.php(496): CodeIgniter\CodeIgniter->startController()
 6 SYSTEMPATH\CodeIgniter.php(355): CodeIgniter\CodeIgniter->handleRequest(null, Object(Config\Cache), false)
 7 SYSTEMPATH\Boot.php(325): CodeIgniter\CodeIgniter->run()
 8 SYSTEMPATH\Boot.php(67): CodeIgniter\Boot::runCodeIgniter(Object(CodeIgniter\CodeIgniter))
 9 FCPATH\index.php(56): CodeIgniter\Boot::bootWeb(Object(Config\Paths))
10 SYSTEMPATH\rewrite.php(44): require_once('C:\\Users\\user\\Desktop\\S7\\codeigniter 4\\Ci4_project\\public\\index.php')
CRITICAL - 2024-12-29 20:54:04 --> ParseError: syntax error, unexpected token "<<", expecting "function" or "const"
[Method: GET, Route: /]
in APPPATH\Controllers\Home.php on line 11.
 1 SYSTEMPATH\Autoloader\Autoloader.php(296): CodeIgniter\Autoloader\Autoloader->includeFile('C:\\Users\\user\\Desktop\\S7\\codeigniter 4\\Ci4_project\\app\\Controllers\\Home.php')
 2 SYSTEMPATH\Autoloader\Autoloader.php(272): CodeIgniter\Autoloader\Autoloader->loadInNamespace('App\\Controllers\\Home')
 3 [internal function]: CodeIgniter\Autoloader\Autoloader->loadClass('App\\Controllers\\Home')
 4 SYSTEMPATH\CodeIgniter.php(887): class_exists('\\App\\Controllers\\Home', true)
 5 SYSTEMPATH\CodeIgniter.php(496): CodeIgniter\CodeIgniter->startController()
 6 SYSTEMPATH\CodeIgniter.php(355): CodeIgniter\CodeIgniter->handleRequest(null, Object(Config\Cache), false)
 7 SYSTEMPATH\Boot.php(325): CodeIgniter\CodeIgniter->run()
 8 SYSTEMPATH\Boot.php(67): CodeIgniter\Boot::runCodeIgniter(Object(CodeIgniter\CodeIgniter))
 9 FCPATH\index.php(56): CodeIgniter\Boot::bootWeb(Object(Config\Paths))
10 SYSTEMPATH\rewrite.php(44): require_once('C:\\Users\\user\\Desktop\\S7\\codeigniter 4\\Ci4_project\\public\\index.php')
CRITICAL - 2024-12-29 20:56:25 --> ParseError: syntax error, unexpected token "<<", expecting "function" or "const"
[Method: GET, Route: /]
in APPPATH\Controllers\Home.php on line 11.
 1 SYSTEMPATH\Autoloader\Autoloader.php(296): CodeIgniter\Autoloader\Autoloader->includeFile('C:\\Users\\user\\Desktop\\S7\\codeigniter 4\\Ci4_project\\app\\Controllers\\Home.php')
 2 SYSTEMPATH\Autoloader\Autoloader.php(272): CodeIgniter\Autoloader\Autoloader->loadInNamespace('App\\Controllers\\Home')
 3 [internal function]: CodeIgniter\Autoloader\Autoloader->loadClass('App\\Controllers\\Home')
 4 SYSTEMPATH\CodeIgniter.php(887): class_exists('\\App\\Controllers\\Home', true)
 5 SYSTEMPATH\CodeIgniter.php(496): CodeIgniter\CodeIgniter->startController()
 6 SYSTEMPATH\CodeIgniter.php(355): CodeIgniter\CodeIgniter->handleRequest(null, Object(Config\Cache), false)
 7 SYSTEMPATH\Boot.php(325): CodeIgniter\CodeIgniter->run()
 8 SYSTEMPATH\Boot.php(67): CodeIgniter\Boot::runCodeIgniter(Object(CodeIgniter\CodeIgniter))
 9 FCPATH\index.php(56): CodeIgniter\Boot::bootWeb(Object(Config\Paths))
10 SYSTEMPATH\rewrite.php(44): require_once('C:\\Users\\user\\Desktop\\S7\\codeigniter 4\\Ci4_project\\public\\index.php')
CRITICAL - 2024-12-29 21:00:10 --> ParseError: syntax error, unexpected token "<<", expecting "function" or "const"
[Method: GET, Route: registe]
in APPPATH\Controllers\Home.php on line 11.
 1 SYSTEMPATH\Autoloader\Autoloader.php(296): CodeIgniter\Autoloader\Autoloader->includeFile('C:\\Users\\user\\Desktop\\S7\\codeigniter 4\\Ci4_project\\app\\Controllers\\Home.php')
 2 SYSTEMPATH\Autoloader\Autoloader.php(272): CodeIgniter\Autoloader\Autoloader->loadInNamespace('App\\Controllers\\Home')
 3 [internal function]: CodeIgniter\Autoloader\Autoloader->loadClass('App\\Controllers\\Home')
 4 SYSTEMPATH\CodeIgniter.php(887): class_exists('\\App\\Controllers\\Home', true)
 5 SYSTEMPATH\CodeIgniter.php(496): CodeIgniter\CodeIgniter->startController()
 6 SYSTEMPATH\CodeIgniter.php(355): CodeIgniter\CodeIgniter->handleRequest(null, Object(Config\Cache), false)
 7 SYSTEMPATH\Boot.php(325): CodeIgniter\CodeIgniter->run()
 8 SYSTEMPATH\Boot.php(67): CodeIgniter\Boot::runCodeIgniter(Object(CodeIgniter\CodeIgniter))
 9 FCPATH\index.php(56): CodeIgniter\Boot::bootWeb(Object(Config\Paths))
10 SYSTEMPATH\rewrite.php(44): require_once('C:\\Users\\user\\Desktop\\S7\\codeigniter 4\\Ci4_project\\public\\index.php')
CRITICAL - 2024-12-29 21:00:57 --> ParseError: syntax error, unexpected token "<<", expecting "]"
[Method: GET, Route: registe]
in APPPATH\Config\Database.php on line 30.
 1 SYSTEMPATH\Autoloader\Autoloader.php(296): CodeIgniter\Autoloader\Autoloader->includeFile('C:\\Users\\user\\Desktop\\S7\\codeigniter 4\\Ci4_project\\app\\Config\\Database.php')
 2 SYSTEMPATH\Autoloader\Autoloader.php(272): CodeIgniter\Autoloader\Autoloader->loadInNamespace('Config\\Database')
 3 SYSTEMPATH\Debug\Toolbar\Collectors\Database.php(258): CodeIgniter\Autoloader\Autoloader->loadClass('Config\\Database')
 4 SYSTEMPATH\Debug\Toolbar\Collectors\Database.php(75): CodeIgniter\Debug\Toolbar\Collectors\Database->getConnections()
 5 SYSTEMPATH\Debug\Toolbar.php(68): CodeIgniter\Debug\Toolbar\Collectors\Database->__construct()
 6 SYSTEMPATH\Config\Services.php(796): CodeIgniter\Debug\Toolbar->__construct(Object(Config\Toolbar))
 7 SYSTEMPATH\Config\BaseService.php(312): CodeIgniter\Config\Services::toolbar(Object(Config\Toolbar), false)
 8 SYSTEMPATH\Config\BaseService.php(251): CodeIgniter\Config\BaseService::__callStatic('toolbar', [...])
 9 SYSTEMPATH\Config\Services.php(791): CodeIgniter\Config\BaseService::getSharedInstance('toolbar', null)
10 SYSTEMPATH\Config\BaseService.php(321): CodeIgniter\Config\Services::toolbar()
11 SYSTEMPATH\Config\BaseService.php(202): CodeIgniter\Config\BaseService::__callStatic('toolbar', [])
12 SYSTEMPATH\Common.php(998): CodeIgniter\Config\BaseService::get('toolbar')
13 SYSTEMPATH\Filters\DebugToolbar.php(43): service('toolbar')
14 SYSTEMPATH\Filters\Filters.php(241): CodeIgniter\Filters\DebugToolbar->after(Object(CodeIgniter\HTTP\IncomingRequest), Object(CodeIgniter\HTTP\Response), null)
15 SYSTEMPATH\Filters\Filters.php(291): CodeIgniter\Filters\Filters->runAfter([...])
16 SYSTEMPATH\CodeIgniter.php(409): CodeIgniter\Filters\Filters->runRequired('after')
17 SYSTEMPATH\CodeIgniter.php(372): CodeIgniter\CodeIgniter->runRequiredAfterFilters(Object(CodeIgniter\Filters\Filters))
18 SYSTEMPATH\Boot.php(325): CodeIgniter\CodeIgniter->run()
19 SYSTEMPATH\Boot.php(67): CodeIgniter\Boot::runCodeIgniter(Object(CodeIgniter\CodeIgniter))
20 FCPATH\index.php(56): CodeIgniter\Boot::bootWeb(Object(Config\Paths))
21 SYSTEMPATH\rewrite.php(44): require_once('C:\\Users\\user\\Desktop\\S7\\codeigniter 4\\Ci4_project\\public\\index.php')
CRITICAL - 2024-12-29 21:01:18 --> ParseError: syntax error, unexpected token "<<", expecting "]"
[Method: GET, Route: /]
in APPPATH\Config\Database.php on line 30.
 1 SYSTEMPATH\Autoloader\Autoloader.php(296): CodeIgniter\Autoloader\Autoloader->includeFile('C:\\Users\\user\\Desktop\\S7\\codeigniter 4\\Ci4_project\\app\\Config\\Database.php')
 2 SYSTEMPATH\Autoloader\Autoloader.php(272): CodeIgniter\Autoloader\Autoloader->loadInNamespace('Config\\Database')
 3 SYSTEMPATH\Debug\Toolbar\Collectors\Database.php(258): CodeIgniter\Autoloader\Autoloader->loadClass('Config\\Database')
 4 SYSTEMPATH\Debug\Toolbar\Collectors\Database.php(75): CodeIgniter\Debug\Toolbar\Collectors\Database->getConnections()
 5 SYSTEMPATH\Debug\Toolbar.php(68): CodeIgniter\Debug\Toolbar\Collectors\Database->__construct()
 6 SYSTEMPATH\Config\Services.php(796): CodeIgniter\Debug\Toolbar->__construct(Object(Config\Toolbar))
 7 SYSTEMPATH\Config\BaseService.php(312): CodeIgniter\Config\Services::toolbar(Object(Config\Toolbar), false)
 8 SYSTEMPATH\Config\BaseService.php(251): CodeIgniter\Config\BaseService::__callStatic('toolbar', [...])
 9 SYSTEMPATH\Config\Services.php(791): CodeIgniter\Config\BaseService::getSharedInstance('toolbar', null)
10 SYSTEMPATH\Config\BaseService.php(321): CodeIgniter\Config\Services::toolbar()
11 SYSTEMPATH\Config\BaseService.php(202): CodeIgniter\Config\BaseService::__callStatic('toolbar', [])
12 SYSTEMPATH\Common.php(998): CodeIgniter\Config\BaseService::get('toolbar')
13 SYSTEMPATH\Filters\DebugToolbar.php(43): service('toolbar')
14 SYSTEMPATH\Filters\Filters.php(241): CodeIgniter\Filters\DebugToolbar->after(Object(CodeIgniter\HTTP\IncomingRequest), Object(CodeIgniter\HTTP\Response), null)
15 SYSTEMPATH\Filters\Filters.php(291): CodeIgniter\Filters\Filters->runAfter([...])
16 SYSTEMPATH\CodeIgniter.php(409): CodeIgniter\Filters\Filters->runRequired('after')
17 SYSTEMPATH\CodeIgniter.php(372): CodeIgniter\CodeIgniter->runRequiredAfterFilters(Object(CodeIgniter\Filters\Filters))
18 SYSTEMPATH\Boot.php(325): CodeIgniter\CodeIgniter->run()
19 SYSTEMPATH\Boot.php(67): CodeIgniter\Boot::runCodeIgniter(Object(CodeIgniter\CodeIgniter))
20 FCPATH\index.php(56): CodeIgniter\Boot::bootWeb(Object(Config\Paths))
21 SYSTEMPATH\rewrite.php(44): require_once('C:\\Users\\user\\Desktop\\S7\\codeigniter 4\\Ci4_project\\public\\index.php')
ERROR - 2024-12-29 21:03:20 --> mysqli_sql_exception: Duplicate entry 'LAAYOUNE' for key 'city' in C:\Users\user\Desktop\S7\codeigniter 4\Ci4_project\system\Database\MySQLi\Connection.php:312
Stack trace:
#0 C:\Users\user\Desktop\S7\codeigniter 4\Ci4_project\system\Database\MySQLi\Connection.php(312): mysqli->query('INSERT INTO `us...', 0)
#1 C:\Users\user\Desktop\S7\codeigniter 4\Ci4_project\system\Database\BaseConnection.php(734): CodeIgniter\Database\MySQLi\Connection->execute('INSERT INTO `us...')
#2 C:\Users\user\Desktop\S7\codeigniter 4\Ci4_project\system\Database\BaseConnection.php(648): CodeIgniter\Database\BaseConnection->simpleQuery('INSERT INTO `us...')
#3 C:\Users\user\Desktop\S7\codeigniter 4\Ci4_project\system\Database\BaseBuilder.php(2340): CodeIgniter\Database\BaseConnection->query('INSERT INTO `us...', Array, false)
#4 C:\Users\user\Desktop\S7\codeigniter 4\Ci4_project\system\Model.php(394): CodeIgniter\Database\BaseBuilder->insert()
#5 C:\Users\user\Desktop\S7\codeigniter 4\Ci4_project\system\BaseModel.php(840): CodeIgniter\Model->doInsert(Array)
#6 C:\Users\user\Desktop\S7\codeigniter 4\Ci4_project\system\Model.php(802): CodeIgniter\BaseModel->insert(Array, false)
#7 C:\Users\user\Desktop\S7\codeigniter 4\Ci4_project\system\BaseModel.php(751): CodeIgniter\Model->insert(Array, false)
#8 C:\Users\user\Desktop\S7\codeigniter 4\Ci4_project\app\Controllers\RegisterController.php(36): CodeIgniter\BaseModel->save(Array)
#9 C:\Users\user\Desktop\S7\codeigniter 4\Ci4_project\system\CodeIgniter.php(933): App\Controllers\RegisterController->store()
#10 C:\Users\user\Desktop\S7\codeigniter 4\Ci4_project\system\CodeIgniter.php(509): CodeIgniter\CodeIgniter->runController(Object(App\Controllers\RegisterController))
#11 C:\Users\user\Desktop\S7\codeigniter 4\Ci4_project\system\CodeIgniter.php(355): CodeIgniter\CodeIgniter->handleRequest(NULL, Object(Config\Cache), false)
#12 C:\Users\user\Desktop\S7\codeigniter 4\Ci4_project\system\Boot.php(325): CodeIgniter\CodeIgniter->run()
#13 C:\Users\user\Desktop\S7\codeigniter 4\Ci4_project\system\Boot.php(67): CodeIgniter\Boot::runCodeIgniter(Object(CodeIgniter\CodeIgniter))
#14 C:\Users\user\Desktop\S7\codeigniter 4\Ci4_project\public\index.php(56): CodeIgniter\Boot::bootWeb(Object(Config\Paths))
#15 C:\Users\user\Desktop\S7\codeigniter 4\Ci4_project\system\rewrite.php(44): require_once('C:\\Users\\user\\D...')
#16 {main}
CRITICAL - 2024-12-29 21:03:20 --> CodeIgniter\Database\Exceptions\DatabaseException: Duplicate entry 'LAAYOUNE' for key 'city'
[Method: POST, Route: register]
in SYSTEMPATH\Database\BaseConnection.php on line 688.
 1 SYSTEMPATH\Database\BaseBuilder.php(2340): CodeIgniter\Database\BaseConnection->query('INSERT INTO `users` (`name`, `email`, `city`, `tel`, `password`, `created_at`, `updated_at`) VALUES (:name:, :email:, :city:, :tel:, :password:, :created_at:, :updated_at:)', [...], false)
 2 SYSTEMPATH\Model.php(394): CodeIgniter\Database\BaseBuilder->insert()
 3 SYSTEMPATH\BaseModel.php(840): CodeIgniter\Model->doInsert([...])
 4 SYSTEMPATH\Model.php(802): CodeIgniter\BaseModel->insert([...], false)
 5 SYSTEMPATH\BaseModel.php(751): CodeIgniter\Model->insert([...], false)
 6 APPPATH\Controllers\RegisterController.php(36): CodeIgniter\BaseModel->save([...])
 7 SYSTEMPATH\CodeIgniter.php(933): App\Controllers\RegisterController->store()
 8 SYSTEMPATH\CodeIgniter.php(509): CodeIgniter\CodeIgniter->runController(Object(App\Controllers\RegisterController))
 9 SYSTEMPATH\CodeIgniter.php(355): CodeIgniter\CodeIgniter->handleRequest(null, Object(Config\Cache), false)
10 SYSTEMPATH\Boot.php(325): CodeIgniter\CodeIgniter->run()
11 SYSTEMPATH\Boot.php(67): CodeIgniter\Boot::runCodeIgniter(Object(CodeIgniter\CodeIgniter))
12 FCPATH\index.php(56): CodeIgniter\Boot::bootWeb(Object(Config\Paths))
13 SYSTEMPATH\rewrite.php(44): require_once('C:\\Users\\user\\Desktop\\S7\\codeigniter 4\\Ci4_project\\public\\index.php')
CRITICAL - 2024-12-29 21:03:20 --> [Caused by] CodeIgniter\Database\Exceptions\DatabaseException: Duplicate entry 'LAAYOUNE' for key 'city'
in SYSTEMPATH\Database\MySQLi\Connection.php on line 317.
 1 SYSTEMPATH\Database\BaseConnection.php(734): CodeIgniter\Database\MySQLi\Connection->execute('INSERT INTO `users` (`name`, `email`, `city`, `tel`, `password`, `created_at`, `updated_at`) VALUES (\'salma zine\', \'salmazine@gmail.com\', \'LAAYOUNE\', \'0700729154\', \'$2y$10$Mc.uAd9OiCDTpp76OtKaKenWkydXE.r7QQ7zbDvrPGYt3M.9566ea\', \'2024-12-29 21:03:20\', \'2024-12-29 21:03:20\')')
 2 SYSTEMPATH\Database\BaseConnection.php(648): CodeIgniter\Database\BaseConnection->simpleQuery('INSERT INTO `users` (`name`, `email`, `city`, `tel`, `password`, `created_at`, `updated_at`) VALUES (\'salma zine\', \'salmazine@gmail.com\', \'LAAYOUNE\', \'0700729154\', \'$2y$10$Mc.uAd9OiCDTpp76OtKaKenWkydXE.r7QQ7zbDvrPGYt3M.9566ea\', \'2024-12-29 21:03:20\', \'2024-12-29 21:03:20\')')
 3 SYSTEMPATH\Database\BaseBuilder.php(2340): CodeIgniter\Database\BaseConnection->query('INSERT INTO `users` (`name`, `email`, `city`, `tel`, `password`, `created_at`, `updated_at`) VALUES (:name:, :email:, :city:, :tel:, :password:, :created_at:, :updated_at:)', [...], false)
 4 SYSTEMPATH\Model.php(394): CodeIgniter\Database\BaseBuilder->insert()
 5 SYSTEMPATH\BaseModel.php(840): CodeIgniter\Model->doInsert([...])
 6 SYSTEMPATH\Model.php(802): CodeIgniter\BaseModel->insert([...], false)
 7 SYSTEMPATH\BaseModel.php(751): CodeIgniter\Model->insert([...], false)
 8 APPPATH\Controllers\RegisterController.php(36): CodeIgniter\BaseModel->save([...])
 9 SYSTEMPATH\CodeIgniter.php(933): App\Controllers\RegisterController->store()
10 SYSTEMPATH\CodeIgniter.php(509): CodeIgniter\CodeIgniter->runController(Object(App\Controllers\RegisterController))
11 SYSTEMPATH\CodeIgniter.php(355): CodeIgniter\CodeIgniter->handleRequest(null, Object(Config\Cache), false)
12 SYSTEMPATH\Boot.php(325): CodeIgniter\CodeIgniter->run()
13 SYSTEMPATH\Boot.php(67): CodeIgniter\Boot::runCodeIgniter(Object(CodeIgniter\CodeIgniter))
14 FCPATH\index.php(56): CodeIgniter\Boot::bootWeb(Object(Config\Paths))
15 SYSTEMPATH\rewrite.php(44): require_once('C:\\Users\\user\\Desktop\\S7\\codeigniter 4\\Ci4_project\\public\\index.php')
CRITICAL - 2024-12-29 21:03:20 --> [Caused by] mysqli_sql_exception: Duplicate entry 'LAAYOUNE' for key 'city'
in SYSTEMPATH\Database\MySQLi\Connection.php on line 312.
 1 SYSTEMPATH\Database\MySQLi\Connection.php(312): mysqli->query('INSERT INTO `users` (`name`, `email`, `city`, `tel`, `password`, `created_at`, `updated_at`) VALUES (\'salma zine\', \'salmazine@gmail.com\', \'LAAYOUNE\', \'0700729154\', \'$2y$10$Mc.uAd9OiCDTpp76OtKaKenWkydXE.r7QQ7zbDvrPGYt3M.9566ea\', \'2024-12-29 21:03:20\', \'2024-12-29 21:03:20\')', 0)
 2 SYSTEMPATH\Database\BaseConnection.php(734): CodeIgniter\Database\MySQLi\Connection->execute('INSERT INTO `users` (`name`, `email`, `city`, `tel`, `password`, `created_at`, `updated_at`) VALUES (\'salma zine\', \'salmazine@gmail.com\', \'LAAYOUNE\', \'0700729154\', \'$2y$10$Mc.uAd9OiCDTpp76OtKaKenWkydXE.r7QQ7zbDvrPGYt3M.9566ea\', \'2024-12-29 21:03:20\', \'2024-12-29 21:03:20\')')
 3 SYSTEMPATH\Database\BaseConnection.php(648): CodeIgniter\Database\BaseConnection->simpleQuery('INSERT INTO `users` (`name`, `email`, `city`, `tel`, `password`, `created_at`, `updated_at`) VALUES (\'salma zine\', \'salmazine@gmail.com\', \'LAAYOUNE\', \'0700729154\', \'$2y$10$Mc.uAd9OiCDTpp76OtKaKenWkydXE.r7QQ7zbDvrPGYt3M.9566ea\', \'2024-12-29 21:03:20\', \'2024-12-29 21:03:20\')')
 4 SYSTEMPATH\Database\BaseBuilder.php(2340): CodeIgniter\Database\BaseConnection->query('INSERT INTO `users` (`name`, `email`, `city`, `tel`, `password`, `created_at`, `updated_at`) VALUES (:name:, :email:, :city:, :tel:, :password:, :created_at:, :updated_at:)', [...], false)
 5 SYSTEMPATH\Model.php(394): CodeIgniter\Database\BaseBuilder->insert()
 6 SYSTEMPATH\BaseModel.php(840): CodeIgniter\Model->doInsert([...])
 7 SYSTEMPATH\Model.php(802): CodeIgniter\BaseModel->insert([...], false)
 8 SYSTEMPATH\BaseModel.php(751): CodeIgniter\Model->insert([...], false)
 9 APPPATH\Controllers\RegisterController.php(36): CodeIgniter\BaseModel->save([...])
10 SYSTEMPATH\CodeIgniter.php(933): App\Controllers\RegisterController->store()
11 SYSTEMPATH\CodeIgniter.php(509): CodeIgniter\CodeIgniter->runController(Object(App\Controllers\RegisterController))
12 SYSTEMPATH\CodeIgniter.php(355): CodeIgniter\CodeIgniter->handleRequest(null, Object(Config\Cache), false)
13 SYSTEMPATH\Boot.php(325): CodeIgniter\CodeIgniter->run()
14 SYSTEMPATH\Boot.php(67): CodeIgniter\Boot::runCodeIgniter(Object(CodeIgniter\CodeIgniter))
15 FCPATH\index.php(56): CodeIgniter\Boot::bootWeb(Object(Config\Paths))
16 SYSTEMPATH\rewrite.php(44): require_once('C:\\Users\\user\\Desktop\\S7\\codeigniter 4\\Ci4_project\\public\\index.php')
ERROR - 2024-12-29 21:09:15 --> mysqli_sql_exception: Duplicate entry 'wialks' for key 'city' in C:\Users\user\Desktop\S7\codeigniter 4\Ci4_project\system\Database\MySQLi\Connection.php:312
Stack trace:
#0 C:\Users\user\Desktop\S7\codeigniter 4\Ci4_project\system\Database\MySQLi\Connection.php(312): mysqli->query('INSERT INTO `us...', 0)
#1 C:\Users\user\Desktop\S7\codeigniter 4\Ci4_project\system\Database\BaseConnection.php(734): CodeIgniter\Database\MySQLi\Connection->execute('INSERT INTO `us...')
#2 C:\Users\user\Desktop\S7\codeigniter 4\Ci4_project\system\Database\BaseConnection.php(648): CodeIgniter\Database\BaseConnection->simpleQuery('INSERT INTO `us...')
#3 C:\Users\user\Desktop\S7\codeigniter 4\Ci4_project\system\Database\BaseBuilder.php(2340): CodeIgniter\Database\BaseConnection->query('INSERT INTO `us...', Array, false)
#4 C:\Users\user\Desktop\S7\codeigniter 4\Ci4_project\system\Model.php(394): CodeIgniter\Database\BaseBuilder->insert()
#5 C:\Users\user\Desktop\S7\codeigniter 4\Ci4_project\system\BaseModel.php(840): CodeIgniter\Model->doInsert(Array)
#6 C:\Users\user\Desktop\S7\codeigniter 4\Ci4_project\system\Model.php(802): CodeIgniter\BaseModel->insert(Array, false)
#7 C:\Users\user\Desktop\S7\codeigniter 4\Ci4_project\system\BaseModel.php(751): CodeIgniter\Model->insert(Array, false)
#8 C:\Users\user\Desktop\S7\codeigniter 4\Ci4_project\app\Controllers\RegisterController.php(36): CodeIgniter\BaseModel->save(Array)
#9 C:\Users\user\Desktop\S7\codeigniter 4\Ci4_project\system\CodeIgniter.php(933): App\Controllers\RegisterController->store()
#10 C:\Users\user\Desktop\S7\codeigniter 4\Ci4_project\system\CodeIgniter.php(509): CodeIgniter\CodeIgniter->runController(Object(App\Controllers\RegisterController))
#11 C:\Users\user\Desktop\S7\codeigniter 4\Ci4_project\system\CodeIgniter.php(355): CodeIgniter\CodeIgniter->handleRequest(NULL, Object(Config\Cache), false)
#12 C:\Users\user\Desktop\S7\codeigniter 4\Ci4_project\system\Boot.php(325): CodeIgniter\CodeIgniter->run()
#13 C:\Users\user\Desktop\S7\codeigniter 4\Ci4_project\system\Boot.php(67): CodeIgniter\Boot::runCodeIgniter(Object(CodeIgniter\CodeIgniter))
#14 C:\Users\user\Desktop\S7\codeigniter 4\Ci4_project\public\index.php(56): CodeIgniter\Boot::bootWeb(Object(Config\Paths))
#15 C:\Users\user\Desktop\S7\codeigniter 4\Ci4_project\system\rewrite.php(44): require_once('C:\\Users\\user\\D...')
#16 {main}
CRITICAL - 2024-12-29 21:09:15 --> CodeIgniter\Database\Exceptions\DatabaseException: Duplicate entry 'wialks' for key 'city'
[Method: POST, Route: register]
in SYSTEMPATH\Database\BaseConnection.php on line 688.
 1 SYSTEMPATH\Database\BaseBuilder.php(2340): CodeIgniter\Database\BaseConnection->query('INSERT INTO `users` (`name`, `email`, `city`, `tel`, `password`, `created_at`, `updated_at`) VALUES (:name:, :email:, :city:, :tel:, :password:, :created_at:, :updated_at:)', [...], false)
 2 SYSTEMPATH\Model.php(394): CodeIgniter\Database\BaseBuilder->insert()
 3 SYSTEMPATH\BaseModel.php(840): CodeIgniter\Model->doInsert([...])
 4 SYSTEMPATH\Model.php(802): CodeIgniter\BaseModel->insert([...], false)
 5 SYSTEMPATH\BaseModel.php(751): CodeIgniter\Model->insert([...], false)
 6 APPPATH\Controllers\RegisterController.php(36): CodeIgniter\BaseModel->save([...])
 7 SYSTEMPATH\CodeIgniter.php(933): App\Controllers\RegisterController->store()
 8 SYSTEMPATH\CodeIgniter.php(509): CodeIgniter\CodeIgniter->runController(Object(App\Controllers\RegisterController))
 9 SYSTEMPATH\CodeIgniter.php(355): CodeIgniter\CodeIgniter->handleRequest(null, Object(Config\Cache), false)
10 SYSTEMPATH\Boot.php(325): CodeIgniter\CodeIgniter->run()
11 SYSTEMPATH\Boot.php(67): CodeIgniter\Boot::runCodeIgniter(Object(CodeIgniter\CodeIgniter))
12 FCPATH\index.php(56): CodeIgniter\Boot::bootWeb(Object(Config\Paths))
13 SYSTEMPATH\rewrite.php(44): require_once('C:\\Users\\user\\Desktop\\S7\\codeigniter 4\\Ci4_project\\public\\index.php')
CRITICAL - 2024-12-29 21:09:15 --> [Caused by] CodeIgniter\Database\Exceptions\DatabaseException: Duplicate entry 'wialks' for key 'city'
in SYSTEMPATH\Database\MySQLi\Connection.php on line 317.
 1 SYSTEMPATH\Database\BaseConnection.php(734): CodeIgniter\Database\MySQLi\Connection->execute('INSERT INTO `users` (`name`, `email`, `city`, `tel`, `password`, `created_at`, `updated_at`) VALUES (\'ttquw\', \'uhkkkkkkkk@gmail.com\', \'wialks\', \'1234567890\', \'$2y$10$RxEZGdCIBT01LjPNz2YOfeE1ubjFuKUE/.yBN2xi0s0h4Kd3SMphG\', \'2024-12-29 21:09:15\', \'2024-12-29 21:09:15\')')
 2 SYSTEMPATH\Database\BaseConnection.php(648): CodeIgniter\Database\BaseConnection->simpleQuery('INSERT INTO `users` (`name`, `email`, `city`, `tel`, `password`, `created_at`, `updated_at`) VALUES (\'ttquw\', \'uhkkkkkkkk@gmail.com\', \'wialks\', \'1234567890\', \'$2y$10$RxEZGdCIBT01LjPNz2YOfeE1ubjFuKUE/.yBN2xi0s0h4Kd3SMphG\', \'2024-12-29 21:09:15\', \'2024-12-29 21:09:15\')')
 3 SYSTEMPATH\Database\BaseBuilder.php(2340): CodeIgniter\Database\BaseConnection->query('INSERT INTO `users` (`name`, `email`, `city`, `tel`, `password`, `created_at`, `updated_at`) VALUES (:name:, :email:, :city:, :tel:, :password:, :created_at:, :updated_at:)', [...], false)
 4 SYSTEMPATH\Model.php(394): CodeIgniter\Database\BaseBuilder->insert()
 5 SYSTEMPATH\BaseModel.php(840): CodeIgniter\Model->doInsert([...])
 6 SYSTEMPATH\Model.php(802): CodeIgniter\BaseModel->insert([...], false)
 7 SYSTEMPATH\BaseModel.php(751): CodeIgniter\Model->insert([...], false)
 8 APPPATH\Controllers\RegisterController.php(36): CodeIgniter\BaseModel->save([...])
 9 SYSTEMPATH\CodeIgniter.php(933): App\Controllers\RegisterController->store()
10 SYSTEMPATH\CodeIgniter.php(509): CodeIgniter\CodeIgniter->runController(Object(App\Controllers\RegisterController))
11 SYSTEMPATH\CodeIgniter.php(355): CodeIgniter\CodeIgniter->handleRequest(null, Object(Config\Cache), false)
12 SYSTEMPATH\Boot.php(325): CodeIgniter\CodeIgniter->run()
13 SYSTEMPATH\Boot.php(67): CodeIgniter\Boot::runCodeIgniter(Object(CodeIgniter\CodeIgniter))
14 FCPATH\index.php(56): CodeIgniter\Boot::bootWeb(Object(Config\Paths))
15 SYSTEMPATH\rewrite.php(44): require_once('C:\\Users\\user\\Desktop\\S7\\codeigniter 4\\Ci4_project\\public\\index.php')
CRITICAL - 2024-12-29 21:09:15 --> [Caused by] mysqli_sql_exception: Duplicate entry 'wialks' for key 'city'
in SYSTEMPATH\Database\MySQLi\Connection.php on line 312.
 1 SYSTEMPATH\Database\MySQLi\Connection.php(312): mysqli->query('INSERT INTO `users` (`name`, `email`, `city`, `tel`, `password`, `created_at`, `updated_at`) VALUES (\'ttquw\', \'uhkkkkkkkk@gmail.com\', \'wialks\', \'1234567890\', \'$2y$10$RxEZGdCIBT01LjPNz2YOfeE1ubjFuKUE/.yBN2xi0s0h4Kd3SMphG\', \'2024-12-29 21:09:15\', \'2024-12-29 21:09:15\')', 0)
 2 SYSTEMPATH\Database\BaseConnection.php(734): CodeIgniter\Database\MySQLi\Connection->execute('INSERT INTO `users` (`name`, `email`, `city`, `tel`, `password`, `created_at`, `updated_at`) VALUES (\'ttquw\', \'uhkkkkkkkk@gmail.com\', \'wialks\', \'1234567890\', \'$2y$10$RxEZGdCIBT01LjPNz2YOfeE1ubjFuKUE/.yBN2xi0s0h4Kd3SMphG\', \'2024-12-29 21:09:15\', \'2024-12-29 21:09:15\')')
 3 SYSTEMPATH\Database\BaseConnection.php(648): CodeIgniter\Database\BaseConnection->simpleQuery('INSERT INTO `users` (`name`, `email`, `city`, `tel`, `password`, `created_at`, `updated_at`) VALUES (\'ttquw\', \'uhkkkkkkkk@gmail.com\', \'wialks\', \'1234567890\', \'$2y$10$RxEZGdCIBT01LjPNz2YOfeE1ubjFuKUE/.yBN2xi0s0h4Kd3SMphG\', \'2024-12-29 21:09:15\', \'2024-12-29 21:09:15\')')
 4 SYSTEMPATH\Database\BaseBuilder.php(2340): CodeIgniter\Database\BaseConnection->query('INSERT INTO `users` (`name`, `email`, `city`, `tel`, `password`, `created_at`, `updated_at`) VALUES (:name:, :email:, :city:, :tel:, :password:, :created_at:, :updated_at:)', [...], false)
 5 SYSTEMPATH\Model.php(394): CodeIgniter\Database\BaseBuilder->insert()
 6 SYSTEMPATH\BaseModel.php(840): CodeIgniter\Model->doInsert([...])
 7 SYSTEMPATH\Model.php(802): CodeIgniter\BaseModel->insert([...], false)
 8 SYSTEMPATH\BaseModel.php(751): CodeIgniter\Model->insert([...], false)
 9 APPPATH\Controllers\RegisterController.php(36): CodeIgniter\BaseModel->save([...])
10 SYSTEMPATH\CodeIgniter.php(933): App\Controllers\RegisterController->store()
11 SYSTEMPATH\CodeIgniter.php(509): CodeIgniter\CodeIgniter->runController(Object(App\Controllers\RegisterController))
12 SYSTEMPATH\CodeIgniter.php(355): CodeIgniter\CodeIgniter->handleRequest(null, Object(Config\Cache), false)
13 SYSTEMPATH\Boot.php(325): CodeIgniter\CodeIgniter->run()
14 SYSTEMPATH\Boot.php(67): CodeIgniter\Boot::runCodeIgniter(Object(CodeIgniter\CodeIgniter))
15 FCPATH\index.php(56): CodeIgniter\Boot::bootWeb(Object(Config\Paths))
16 SYSTEMPATH\rewrite.php(44): require_once('C:\\Users\\user\\Desktop\\S7\\codeigniter 4\\Ci4_project\\public\\index.php')
